2023-07-11 08:15:56,989 INFO  [org.jboss.modules] (main) JBoss Modules version 1.10.0.Final
2023-07-11 08:15:59,749 INFO  [org.jboss.msc] (main) JBoss MSC version 1.4.11.Final
2023-07-11 08:15:59,757 INFO  [org.jboss.threads] (main) JBoss Threads version 2.3.3.Final
2023-07-11 08:15:59,873 INFO  [org.jboss.as] (MSC service thread 1-2) WFLYSRV0049: WildFly Full 19.1.0.Final (WildFly Core 11.1.1.Final) starting
2023-07-11 08:15:59,873 DEBUG [org.jboss.as.config] (MSC service thread 1-2) Configured system properties:
	file.encoding = Cp1252
	file.separator = \
	java.class.path = D:\햞ea de Trabalho\Sistemas para Internet\2023.1\POO\wildfly-19.1.0.Final\jboss-modules.jar
	java.class.version = 61.0
	java.home = C:\Users\samue\.jdks\corretto-17.0.4.1
	java.io.tmpdir = C:\Users\samue\AppData\Local\Temp\
	java.library.path = C:\Users\samue\.jdks\corretto-17.0.4.1\bin;C:\WINDOWS\Sun\Java\bin;C:\WINDOWS\system32;C:\WINDOWS;C:\Python311\Scripts\;C:\Python311\;C:\Program Files (x86)\Common Files\Oracle\Java\javapath;C:\Windows\system32;C:\Windows;C:\Windows\System32\Wbem;C:\Windows\System32\WindowsPowerShell\v1.0\;C:\Windows\System32\OpenSSH\;C:\Program Files (x86)\NVIDIA Corporation\PhysX\Common;C:\Program Files\NVIDIA Corporation\NVIDIA NvDLISR;C:\Program Files\dotnet\;C:\WINDOWS\system32;C:\WINDOWS;C:\WINDOWS\System32\Wbem;C:\WINDOWS\System32\WindowsPowerShell\v1.0\;C:\WINDOWS\System32\OpenSSH\;C:\ProgramData\chocolatey\bin;C:\Program Files\nodejs\;C:\Program Files\Git\cmd;C:\Program Files\Docker\Docker\resources\bin;C:\Users\samue\AppData\Local\Microsoft\WindowsApps;S:\Microsoft VS Code\bin;C:\msys64\mingw64\bin;C:\Users\samue\AppData\Local\GitHubDesktop\bin;C:\Users\samue\AppData\Roaming\npm;.
	java.net.preferIPv4Stack = true
	java.runtime.name = OpenJDK Runtime Environment
	java.runtime.version = 17.0.4.1+9-LTS
	java.specification.name = Java Platform API Specification
	java.specification.vendor = Oracle Corporation
	java.specification.version = 17
	java.util.logging.manager = org.jboss.logmanager.LogManager
	java.vendor = Amazon.com Inc.
	java.vendor.url = https://aws.amazon.com/corretto/
	java.vendor.url.bug = https://github.com/corretto/corretto-17/issues/
	java.vendor.version = Corretto-17.0.4.9.1
	java.version = 17.0.4.1
	java.version.date = 2022-08-12
	java.vm.compressedOopsMode = 32-bit
	java.vm.info = mixed mode, sharing
	java.vm.name = OpenJDK 64-Bit Server VM
	java.vm.specification.name = Java Virtual Machine Specification
	java.vm.specification.vendor = Oracle Corporation
	java.vm.specification.version = 17
	java.vm.vendor = Amazon.com Inc.
	java.vm.version = 17.0.4.1+9-LTS
	javax.management.builder.initial = org.jboss.as.jmx.PluggableMBeanServerBuilder
	jboss.home.dir = D:\햞ea de Trabalho\Sistemas para Internet\2023.1\POO\wildfly-19.1.0.Final
	jboss.host.name = desktop-lgh6ft4
	jboss.modules.dir = D:\햞ea de Trabalho\Sistemas para Internet\2023.1\POO\wildfly-19.1.0.Final\modules
	jboss.modules.system.pkgs = org.jboss.byteman
	jboss.node.name = desktop-lgh6ft4
	jboss.qualified.host.name = desktop-lgh6ft4
	jboss.server.base.dir = D:\햞ea de Trabalho\Sistemas para Internet\2023.1\POO\wildfly-19.1.0.Final\standalone
	jboss.server.config.dir = D:\햞ea de Trabalho\Sistemas para Internet\2023.1\POO\wildfly-19.1.0.Final\standalone\configuration
	jboss.server.data.dir = D:\햞ea de Trabalho\Sistemas para Internet\2023.1\POO\wildfly-19.1.0.Final\standalone\data
	jboss.server.deploy.dir = D:\햞ea de Trabalho\Sistemas para Internet\2023.1\POO\wildfly-19.1.0.Final\standalone\data\content
	jboss.server.log.dir = D:\햞ea de Trabalho\Sistemas para Internet\2023.1\POO\wildfly-19.1.0.Final\standalone\log
	jboss.server.name = desktop-lgh6ft4
	jboss.server.persist.config = true
	jboss.server.temp.dir = D:\햞ea de Trabalho\Sistemas para Internet\2023.1\POO\wildfly-19.1.0.Final\standalone\tmp
	jdk.debug = release
	line.separator = 

	logging.configuration = file:D:\햞ea de Trabalho\Sistemas para Internet\2023.1\POO\wildfly-19.1.0.Final\standalone\configuration/logging.properties
	module.path = D:\햞ea de Trabalho\Sistemas para Internet\2023.1\POO\wildfly-19.1.0.Final\modules
	native.encoding = Cp1252
	org.jboss.boot.log.file = D:\햞ea de Trabalho\Sistemas para Internet\2023.1\POO\wildfly-19.1.0.Final\standalone\log\server.log
	org.jboss.resolver.warning = true
	os.arch = amd64
	os.name = Windows 11
	os.version = 10.0
	path.separator = ;
	program.name = standalone.bat
	sun.arch.data.model = 64
	sun.boot.library.path = C:\Users\samue\.jdks\corretto-17.0.4.1\bin
	sun.cpu.endian = little
	sun.cpu.isalist = amd64
	sun.io.unicode.encoding = UnicodeLittle
	sun.java.command = D:\햞ea de Trabalho\Sistemas para Internet\2023.1\POO\wildfly-19.1.0.Final\jboss-modules.jar -mp D:\햞ea de Trabalho\Sistemas para Internet\2023.1\POO\wildfly-19.1.0.Final\modules org.jboss.as.standalone -Djboss.home.dir=D:\햞ea de Trabalho\Sistemas para Internet\2023.1\POO\wildfly-19.1.0.Final
	sun.java.launcher = SUN_STANDARD
	sun.jnu.encoding = Cp1252
	sun.management.compiler = HotSpot 64-Bit Tiered Compilers
	sun.os.patch.level = 
	user.country = BR
	user.dir = D:\햞ea de Trabalho\Sistemas para Internet\2023.1\POO\wildfly-19.1.0.Final\bin
	user.home = C:\Users\samue
	user.language = pt
	user.name = samue
	user.script = 
	user.timezone = America/Sao_Paulo
	user.variant = 
2023-07-11 08:15:59,876 DEBUG [org.jboss.as.config] (MSC service thread 1-2) VM Arguments: -Dprogram.name=standalone.bat -Xms64M -Xmx512M -XX:MetaspaceSize=96M -XX:MaxMetaspaceSize=256m -Djava.net.preferIPv4Stack=true -Djboss.modules.system.pkgs=org.jboss.byteman --add-exports=java.base/sun.nio.ch=ALL-UNNAMED --add-exports=jdk.unsupported/sun.misc=ALL-UNNAMED --add-exports=jdk.unsupported/sun.reflect=ALL-UNNAMED -Dorg.jboss.boot.log.file=D:\햞ea de Trabalho\Sistemas para Internet\2023.1\POO\wildfly-19.1.0.Final\standalone\log\server.log -Dlogging.configuration=file:D:\햞ea de Trabalho\Sistemas para Internet\2023.1\POO\wildfly-19.1.0.Final\standalone\configuration/logging.properties 
2023-07-11 08:16:01,116 INFO  [org.wildfly.security] (ServerService Thread Pool -- 28) ELY00001: WildFly Elytron version 1.11.4.Final
2023-07-11 08:16:04,497 INFO  [org.jboss.as.controller.management-deprecated] (Controller Boot Thread) WFLYCTL0028: Attribute 'security-realm' in the resource at address '/core-service=management/management-interface=http-interface' is deprecated, and may be removed in a future version. See the attribute description in the output of the read-resource-description operation to learn more about the deprecation.
2023-07-11 08:16:04,512 INFO  [org.jboss.as.controller.management-deprecated] (ServerService Thread Pool -- 31) WFLYCTL0028: Attribute 'security-realm' in the resource at address '/subsystem=undertow/server=default-server/https-listener=https' is deprecated, and may be removed in a future version. See the attribute description in the output of the read-resource-description operation to learn more about the deprecation.
2023-07-11 08:16:04,584 INFO  [org.jboss.as.server] (Controller Boot Thread) WFLYSRV0039: Creating http management service using socket-binding (management-http)
2023-07-11 08:16:04,629 INFO  [org.xnio] (MSC service thread 1-1) XNIO version 3.7.7.Final
2023-07-11 08:16:04,638 INFO  [org.xnio.nio] (MSC service thread 1-1) XNIO NIO Implementation Version 3.7.7.Final
2023-07-11 08:16:04,714 INFO  [org.wildfly.extension.microprofile.config.smallrye._private] (ServerService Thread Pool -- 61) WFLYCONF0001: Activating WildFly MicroProfile Config Subsystem
2023-07-11 08:16:04,715 INFO  [org.wildfly.extension.microprofile.jwt.smallrye._private] (ServerService Thread Pool -- 63) WFLYJWT0001: Activating WildFly MicroProfile JWT Subsystem
2023-07-11 08:16:04,718 WARN  [org.jboss.as.txn] (ServerService Thread Pool -- 74) WFLYTX0013: The node-identifier attribute on the /subsystem=transactions is set to the default value. This is a danger for environments running multiple servers. Please make sure the attribute value is unique.
2023-07-11 08:16:04,722 INFO  [org.jboss.as.clustering.infinispan] (ServerService Thread Pool -- 52) WFLYCLINF0001: Activating Infinispan subsystem.
2023-07-11 08:16:04,741 INFO  [org.jboss.as.jsf] (ServerService Thread Pool -- 59) WFLYJSF0007: Activated the following JSF Implementations: [main]
2023-07-11 08:16:04,751 INFO  [org.wildfly.extension.microprofile.health.smallrye] (ServerService Thread Pool -- 62) WFLYHEALTH0001: Activating Eclipse MicroProfile Health Subsystem
2023-07-11 08:16:04,751 INFO  [org.wildfly.extension.microprofile.metrics.smallrye] (ServerService Thread Pool -- 64) WFLYMETRICS0001: Activating Eclipse MicroProfile Metrics Subsystem
2023-07-11 08:16:04,757 INFO  [org.wildfly.extension.microprofile.opentracing] (ServerService Thread Pool -- 65) WFLYTRACEXT0001: Activating MicroProfile OpenTracing Subsystem
2023-07-11 08:16:04,796 INFO  [org.jboss.as.naming] (ServerService Thread Pool -- 66) WFLYNAM0001: Activating Naming Subsystem
2023-07-11 08:16:04,864 INFO  [org.jboss.as.webservices] (ServerService Thread Pool -- 76) WFLYWS0002: Activating WebServices Extension
2023-07-11 08:16:04,864 INFO  [org.jboss.as.security] (ServerService Thread Pool -- 72) WFLYSEC0002: Activating Security Subsystem
2023-07-11 08:16:04,885 INFO  [org.wildfly.extension.undertow] (MSC service thread 1-4) WFLYUT0003: Undertow 2.1.0.Final starting
2023-07-11 08:16:04,910 INFO  [org.jboss.as.security] (MSC service thread 1-4) WFLYSEC0001: Current PicketBox version=5.0.3.Final
2023-07-11 08:16:05,063 INFO  [org.jboss.as.connector.subsystems.datasources] (ServerService Thread Pool -- 44) WFLYJCA0004: Deploying JDBC-compliant driver class org.h2.Driver (version 1.4)
2023-07-11 08:16:05,068 INFO  [org.jboss.as.connector] (MSC service thread 1-4) WFLYJCA0009: Starting JCA Subsystem (WildFly/IronJacamar 1.4.20.Final)
2023-07-11 08:16:05,123 INFO  [org.jboss.as.connector.deployers.jdbc] (MSC service thread 1-7) WFLYJCA0018: Started Driver service with driver-name = h2
2023-07-11 08:16:05,125 INFO  [org.jboss.as.naming] (MSC service thread 1-5) WFLYNAM0003: Starting Naming Service
2023-07-11 08:16:05,126 INFO  [org.jboss.as.mail.extension] (MSC service thread 1-7) WFLYMAIL0001: Bound mail session [java:jboss/mail/Default]
2023-07-11 08:16:05,151 INFO  [org.jboss.as.jaxrs] (ServerService Thread Pool -- 54) WFLYRS0016: RESTEasy version 3.11.2.Final
2023-07-11 08:16:05,174 INFO  [org.wildfly.extension.io] (ServerService Thread Pool -- 53) WFLYIO001: Worker 'default' has auto-configured to 16 IO threads with 128 max task threads based on your 8 available processors
2023-07-11 08:16:05,209 INFO  [org.wildfly.extension.undertow] (ServerService Thread Pool -- 75) WFLYUT0014: Creating file handler for path 'D:\햞ea de Trabalho\Sistemas para Internet\2023.1\POO\wildfly-19.1.0.Final/welcome-content' with options [directory-listing: 'false', follow-symlink: 'false', case-sensitive: 'true', safe-symlink-paths: '[]']
2023-07-11 08:16:05,326 INFO  [org.jboss.remoting] (MSC service thread 1-1) JBoss Remoting version 5.0.17.Final
2023-07-11 08:16:05,406 INFO  [org.jboss.as.ejb3] (MSC service thread 1-4) WFLYEJB0482: Strict pool mdb-strict-max-pool is using a max instance size of 32 (per class), which is derived from the number of CPUs on this host.
2023-07-11 08:16:05,406 INFO  [org.jboss.as.ejb3] (MSC service thread 1-7) WFLYEJB0481: Strict pool slsb-strict-max-pool is using a max instance size of 128 (per class), which is derived from thread worker pool sizing.
2023-07-11 08:16:05,419 INFO  [org.wildfly.extension.undertow] (MSC service thread 1-3) WFLYUT0012: Started server default-server.
2023-07-11 08:16:05,426 INFO  [org.wildfly.extension.undertow] (MSC service thread 1-8) WFLYUT0018: Host default-host starting
2023-07-11 08:16:05,569 INFO  [org.wildfly.extension.undertow] (MSC service thread 1-4) WFLYUT0006: Undertow HTTP listener default listening on 127.0.0.1:8080
2023-07-11 08:16:05,797 INFO  [org.jboss.as.ejb3] (MSC service thread 1-6) WFLYEJB0493: EJB subsystem suspension complete
2023-07-11 08:16:05,946 INFO  [org.jboss.as.connector.subsystems.datasources] (MSC service thread 1-2) WFLYJCA0001: Bound data source [java:jboss/datasources/ExampleDS]
2023-07-11 08:16:08,227 INFO  [org.jboss.as.patching] (MSC service thread 1-3) WFLYPAT0050: WildFly Full cumulative patch ID is: base, one-off patches include: none
2023-07-11 08:16:08,243 WARN  [org.jboss.as.domain.management.security] (MSC service thread 1-2) WFLYDM0111: Keystore D:\햞ea de Trabalho\Sistemas para Internet\2023.1\POO\wildfly-19.1.0.Final\standalone\configuration\application.keystore not found, it will be auto generated on first use with a self signed certificate for host localhost
2023-07-11 08:16:08,246 INFO  [org.jboss.as.server.deployment.scanner] (MSC service thread 1-5) WFLYDS0013: Started FileSystemDeploymentService for directory D:\햞ea de Trabalho\Sistemas para Internet\2023.1\POO\wildfly-19.1.0.Final\standalone\deployments
2023-07-11 08:16:08,329 INFO  [org.wildfly.extension.undertow] (MSC service thread 1-6) WFLYUT0006: Undertow HTTPS listener https listening on 127.0.0.1:8443
2023-07-11 08:16:09,058 INFO  [org.jboss.ws.common.management] (MSC service thread 1-4) JBWS022052: Starting JBossWS 5.4.1.Final (Apache CXF 3.3.6) 
2023-07-11 08:16:09,315 INFO  [org.jboss.as.server] (Controller Boot Thread) WFLYSRV0212: Resuming server
2023-07-11 08:16:09,317 INFO  [org.jboss.as] (Controller Boot Thread) WFLYSRV0060: Http management interface listening on http://127.0.0.1:9990/management
2023-07-11 08:16:09,317 INFO  [org.jboss.as] (Controller Boot Thread) WFLYSRV0051: Admin console listening on http://127.0.0.1:9990
2023-07-11 08:16:09,317 INFO  [org.jboss.as] (Controller Boot Thread) WFLYSRV0025: WildFly Full 19.1.0.Final (WildFly Core 11.1.1.Final) started in 18421ms - Started 316 of 582 services (374 services are lazy, passive or on-demand)
2023-07-11 08:16:09,496 INFO  [org.jboss.as.server.deployment] (MSC service thread 1-4) WFLYSRV0027: Starting deployment of "projetoPOO.war" (runtime-name: "projetoPOO.war")
2023-07-11 08:16:12,281 INFO  [org.jboss.as.connector.deployers.jdbc] (MSC service thread 1-2) WFLYJCA0005: Deploying non-JDBC-compliant driver class org.postgresql.Driver (version 42.3)
2023-07-11 08:16:12,282 INFO  [org.jboss.as.connector.deployers.jdbc] (MSC service thread 1-2) WFLYJCA0005: Deploying non-JDBC-compliant driver class org.postgresql.Driver (version 42.3)
2023-07-11 08:16:12,283 WARN  [org.jboss.as.connector.deployers.jdbc] (MSC service thread 1-2) WFLYJCA0003: Unable to instantiate driver class "org.postgresql.Driver": org.jboss.msc.service.DuplicateServiceException: Service jboss.jdbc-driver.projetoPOO_war_org_postgresql_Driver_42_3 is already registered
2023-07-11 08:16:12,336 INFO  [org.jboss.as.connector.deployers.jdbc] (MSC service thread 1-6) WFLYJCA0018: Started Driver service with driver-name = projetoPOO.war_org.postgresql.Driver_42_3
2023-07-11 08:16:12,336 INFO  [org.jboss.as.connector.deployers.jdbc] (MSC service thread 1-2) WFLYJCA0018: Started Driver service with driver-name = projetoPOO.war
2023-07-11 08:16:12,392 INFO  [org.infinispan.factories.GlobalComponentRegistry] (MSC service thread 1-5) ISPN000128: Infinispan version: Infinispan 'Infinity Minus ONE +2' 9.4.18.Final
2023-07-11 08:16:12,734 INFO  [org.jboss.as.clustering.infinispan] (ServerService Thread Pool -- 78) WFLYCLINF0002: Started client-mappings cache from ejb container
2023-07-11 08:16:12,865 INFO  [org.wildfly.extension.undertow] (ServerService Thread Pool -- 21) WFLYUT0021: Registered web context: '/projetoPOO' for server 'default-server'
2023-07-11 08:16:12,897 INFO  [org.jboss.as.server] (management-handler-thread - 1) WFLYSRV0010: Deployed "projetoPOO.war" (runtime-name : "projetoPOO.war")
2023-07-11 08:16:20,682 INFO  [stdout] (default task-1) Samuel - 1234
2023-07-11 08:16:20,916 INFO  [stdout] (default task-1) sql: SELECT * FROM usuario WHERE login = 'Samuel'
2023-07-11 08:16:20,948 INFO  [stdout] (default task-1) Nome do usuario: Samuel Dias
2023-07-11 08:16:26,494 INFO  [stdout] (default task-1) sql: SELECT reserva_livro.idreserva, cliente.idcliente, cliente.nomecliente, livro.idlivro, livro.nomelivro FROM livro, cliente, reserva_livro WHERE cliente.idcliente = reserva_livro.clienteid AND livro.idlivro = reserva_livro.livroid ORDER BY cliente.idcliente
2023-07-11 08:16:27,980 INFO  [stdout] (default task-1) Entrou no seleciona Reserva --> ID: 31
2023-07-11 08:16:27,980 INFO  [stdout] (default task-1) ID DA RESERVA GETRESERVA: 31
2023-07-11 08:16:28,021 INFO  [stdout] (default task-1) sql: SELECT reserva_livro.idreserva, cliente.idcliente, cliente.nomecliente, livro.idlivro, livro.nomelivro FROM livro, cliente, reserva_livro WHERE cliente.idcliente = reserva_livro.clienteid AND livro.idlivro = reserva_livro.livroid AND reserva_livro.idreserva = 31
2023-07-11 08:16:28,063 INFO  [stdout] (default task-1) sql: SELECT * FROM livro ORDER BY idlivro
2023-07-11 08:20:06,299 INFO  [org.jboss.as.connector.deployers.jdbc] (MSC service thread 1-3) WFLYJCA0019: Stopped Driver service with driver-name = projetoPOO.war
2023-07-11 08:20:06,299 INFO  [org.jboss.as.connector.deployers.jdbc] (MSC service thread 1-2) WFLYJCA0019: Stopped Driver service with driver-name = projetoPOO.war_org.postgresql.Driver_42_3
2023-07-11 08:20:06,303 INFO  [org.wildfly.extension.undertow] (ServerService Thread Pool -- 13) WFLYUT0022: Unregistered web context: '/projetoPOO' from server 'default-server'
2023-07-11 08:20:06,384 INFO  [org.jboss.as.server.deployment] (MSC service thread 1-4) WFLYSRV0028: Stopped deployment projetoPOO.war (runtime-name: projetoPOO.war) in 89ms
2023-07-11 08:20:06,410 INFO  [org.jboss.as.server] (management-handler-thread - 1) WFLYSRV0009: Undeployed "projetoPOO.war" (runtime-name: "projetoPOO.war")
2023-07-11 08:20:06,508 INFO  [org.jboss.as.server.deployment] (MSC service thread 1-6) WFLYSRV0027: Starting deployment of "projetoPOO.war" (runtime-name: "projetoPOO.war")
2023-07-11 08:20:07,404 INFO  [org.jboss.as.connector.deployers.jdbc] (MSC service thread 1-1) WFLYJCA0005: Deploying non-JDBC-compliant driver class org.postgresql.Driver (version 42.3)
2023-07-11 08:20:07,405 INFO  [org.jboss.as.connector.deployers.jdbc] (MSC service thread 1-1) WFLYJCA0005: Deploying non-JDBC-compliant driver class org.postgresql.Driver (version 42.3)
2023-07-11 08:20:07,406 WARN  [org.jboss.as.connector.deployers.jdbc] (MSC service thread 1-1) WFLYJCA0003: Unable to instantiate driver class "org.postgresql.Driver": org.jboss.msc.service.DuplicateServiceException: Service jboss.jdbc-driver.projetoPOO_war_org_postgresql_Driver_42_3 is already registered
2023-07-11 08:20:07,428 INFO  [org.jboss.as.connector.deployers.jdbc] (MSC service thread 1-6) WFLYJCA0018: Started Driver service with driver-name = projetoPOO.war_org.postgresql.Driver_42_3
2023-07-11 08:20:07,429 INFO  [org.jboss.as.connector.deployers.jdbc] (MSC service thread 1-3) WFLYJCA0018: Started Driver service with driver-name = projetoPOO.war
2023-07-11 08:20:07,438 INFO  [org.wildfly.extension.undertow] (ServerService Thread Pool -- 123) WFLYUT0021: Registered web context: '/projetoPOO' for server 'default-server'
2023-07-11 08:20:07,482 INFO  [org.jboss.as.server] (management-handler-thread - 1) WFLYSRV0010: Deployed "projetoPOO.war" (runtime-name : "projetoPOO.war")
2023-07-11 08:25:24,957 INFO  [org.jboss.as.connector.deployers.jdbc] (MSC service thread 1-3) WFLYJCA0019: Stopped Driver service with driver-name = projetoPOO.war_org.postgresql.Driver_42_3
2023-07-11 08:25:24,957 INFO  [org.jboss.as.connector.deployers.jdbc] (MSC service thread 1-5) WFLYJCA0019: Stopped Driver service with driver-name = projetoPOO.war
2023-07-11 08:25:24,958 INFO  [org.wildfly.extension.undertow] (ServerService Thread Pool -- 123) WFLYUT0022: Unregistered web context: '/projetoPOO' from server 'default-server'
2023-07-11 08:25:25,133 INFO  [org.jboss.as.server.deployment] (MSC service thread 1-1) WFLYSRV0028: Stopped deployment projetoPOO.war (runtime-name: projetoPOO.war) in 177ms
2023-07-11 08:25:25,162 INFO  [org.jboss.as.server] (management-handler-thread - 1) WFLYSRV0009: Undeployed "projetoPOO.war" (runtime-name: "projetoPOO.war")
2023-07-11 08:25:25,285 INFO  [org.jboss.as.server.deployment] (MSC service thread 1-8) WFLYSRV0027: Starting deployment of "projetoPOO.war" (runtime-name: "projetoPOO.war")
2023-07-11 08:25:26,051 INFO  [org.jboss.as.connector.deployers.jdbc] (MSC service thread 1-4) WFLYJCA0005: Deploying non-JDBC-compliant driver class org.postgresql.Driver (version 42.3)
2023-07-11 08:25:26,052 INFO  [org.jboss.as.connector.deployers.jdbc] (MSC service thread 1-4) WFLYJCA0005: Deploying non-JDBC-compliant driver class org.postgresql.Driver (version 42.3)
2023-07-11 08:25:26,053 WARN  [org.jboss.as.connector.deployers.jdbc] (MSC service thread 1-4) WFLYJCA0003: Unable to instantiate driver class "org.postgresql.Driver": org.jboss.msc.service.DuplicateServiceException: Service jboss.jdbc-driver.projetoPOO_war_org_postgresql_Driver_42_3 is already registered
2023-07-11 08:25:26,078 INFO  [org.jboss.as.connector.deployers.jdbc] (MSC service thread 1-5) WFLYJCA0018: Started Driver service with driver-name = projetoPOO.war_org.postgresql.Driver_42_3
2023-07-11 08:25:26,079 INFO  [org.jboss.as.connector.deployers.jdbc] (MSC service thread 1-6) WFLYJCA0018: Started Driver service with driver-name = projetoPOO.war
2023-07-11 08:25:26,089 INFO  [org.wildfly.extension.undertow] (ServerService Thread Pool -- 167) WFLYUT0021: Registered web context: '/projetoPOO' for server 'default-server'
2023-07-11 08:25:26,138 INFO  [org.jboss.as.server] (management-handler-thread - 1) WFLYSRV0010: Deployed "projetoPOO.war" (runtime-name : "projetoPOO.war")
2023-07-11 08:25:27,760 INFO  [stdout] (default task-1) Entrou no seleciona Reserva --> ID: 31
2023-07-11 08:25:27,761 INFO  [stdout] (default task-1) ID DA RESERVA GETRESERVA: 31
2023-07-11 08:25:27,963 INFO  [stdout] (default task-1) sql: SELECT reserva_livro.idreserva, cliente.idcliente, cliente.nomecliente, livro.idlivro, livro.nomelivro FROM livro, cliente, reserva_livro WHERE cliente.idcliente = reserva_livro.clienteid AND livro.idlivro = reserva_livro.livroid AND reserva_livro.idreserva = 31
2023-07-11 08:25:28,012 INFO  [stdout] (default task-1) sql: SELECT * FROM livro ORDER BY idlivro
2023-07-11 08:25:28,117 ERROR [io.undertow.request] (default task-1) UT005023: Exception handling request to /projetoPOO/editarreserva.jsp: javax.servlet.ServletException: javax.servlet.jsp.JspTagException: Don't know how to iterate over supplied "items" in &lt;forEach&gt;
	at io.undertow.jsp@2.0.8.Final//org.apache.jasper.runtime.PageContextImpl.doHandlePageException(PageContextImpl.java:889)
	at io.undertow.jsp@2.0.8.Final//org.apache.jasper.runtime.PageContextImpl.handlePageException(PageContextImpl.java:818)
	at org.apache.jsp.editarreserva_jsp._jspService(editarreserva_jsp.java:170)
	at io.undertow.jsp@2.0.8.Final//org.apache.jasper.runtime.HttpJspBase.service(HttpJspBase.java:70)
	at javax.servlet.api@2.0.0.Final//javax.servlet.http.HttpServlet.service(HttpServlet.java:590)
	at io.undertow.jsp@2.0.8.Final//org.apache.jasper.servlet.JspServletWrapper.service(JspServletWrapper.java:433)
	at io.undertow.jsp@2.0.8.Final//org.apache.jasper.servlet.JspServlet.serviceJspFile(JspServlet.java:403)
	at io.undertow.jsp@2.0.8.Final//org.apache.jasper.servlet.JspServlet.service(JspServlet.java:347)
	at javax.servlet.api@2.0.0.Final//javax.servlet.http.HttpServlet.service(HttpServlet.java:590)
	at io.undertow.servlet@2.1.0.Final//io.undertow.servlet.handlers.ServletHandler.handleRequest(ServletHandler.java:74)
	at io.undertow.servlet@2.1.0.Final//io.undertow.servlet.handlers.security.ServletSecurityRoleHandler.handleRequest(ServletSecurityRoleHandler.java:62)
	at io.undertow.jsp@2.0.8.Final//io.undertow.jsp.JspFileHandler.handleRequest(JspFileHandler.java:32)
	at io.undertow.servlet@2.1.0.Final//io.undertow.servlet.handlers.ServletChain$1.handleRequest(ServletChain.java:68)
	at io.undertow.servlet@2.1.0.Final//io.undertow.servlet.handlers.ServletDispatchingHandler.handleRequest(ServletDispatchingHandler.java:36)
	at io.undertow.core@2.1.0.Final//io.undertow.server.handlers.PredicateHandler.handleRequest(PredicateHandler.java:43)
	at io.undertow.servlet@2.1.0.Final//io.undertow.servlet.handlers.RedirectDirHandler.handleRequest(RedirectDirHandler.java:68)
	at io.undertow.core@2.1.0.Final//io.undertow.server.handlers.PredicateHandler.handleRequest(PredicateHandler.java:43)
	at io.undertow.core@2.1.0.Final//io.undertow.server.handlers.PredicateHandler.handleRequest(PredicateHandler.java:43)
	at io.undertow.servlet@2.1.0.Final//io.undertow.servlet.handlers.ServletInitialHandler.dispatchRequest(ServletInitialHandler.java:251)
	at io.undertow.servlet@2.1.0.Final//io.undertow.servlet.handlers.ServletInitialHandler.dispatchToPath(ServletInitialHandler.java:186)
	at io.undertow.servlet@2.1.0.Final//io.undertow.servlet.spec.RequestDispatcherImpl.forwardImpl(RequestDispatcherImpl.java:227)
	at io.undertow.servlet@2.1.0.Final//io.undertow.servlet.spec.RequestDispatcherImpl.forwardImplSetup(RequestDispatcherImpl.java:149)
	at io.undertow.servlet@2.1.0.Final//io.undertow.servlet.spec.RequestDispatcherImpl.forward(RequestDispatcherImpl.java:111)
	at deployment.projetoPOO.war//controller.ReservaController.service(ReservaController.java:79)
	at io.undertow.servlet@2.1.0.Final//io.undertow.servlet.handlers.ServletHandler.handleRequest(ServletHandler.java:74)
	at io.undertow.servlet@2.1.0.Final//io.undertow.servlet.handlers.security.ServletSecurityRoleHandler.handleRequest(ServletSecurityRoleHandler.java:62)
	at io.undertow.servlet@2.1.0.Final//io.undertow.servlet.handlers.ServletChain$1.handleRequest(ServletChain.java:68)
	at io.undertow.servlet@2.1.0.Final//io.undertow.servlet.handlers.ServletDispatchingHandler.handleRequest(ServletDispatchingHandler.java:36)
	at org.wildfly.extension.undertow@19.1.0.Final//org.wildfly.extension.undertow.security.SecurityContextAssociationHandler.handleRequest(SecurityContextAssociationHandler.java:78)
	at io.undertow.core@2.1.0.Final//io.undertow.server.handlers.PredicateHandler.handleRequest(PredicateHandler.java:43)
	at io.undertow.servlet@2.1.0.Final//io.undertow.servlet.handlers.RedirectDirHandler.handleRequest(RedirectDirHandler.java:68)
	at io.undertow.servlet@2.1.0.Final//io.undertow.servlet.handlers.security.SSLInformationAssociationHandler.handleRequest(SSLInformationAssociationHandler.java:132)
	at io.undertow.servlet@2.1.0.Final//io.undertow.servlet.handlers.security.ServletAuthenticationCallHandler.handleRequest(ServletAuthenticationCallHandler.java:57)
	at io.undertow.core@2.1.0.Final//io.undertow.server.handlers.PredicateHandler.handleRequest(PredicateHandler.java:43)
	at io.undertow.core@2.1.0.Final//io.undertow.security.handlers.AbstractConfidentialityHandler.handleRequest(AbstractConfidentialityHandler.java:46)
	at io.undertow.servlet@2.1.0.Final//io.undertow.servlet.handlers.security.ServletConfidentialityConstraintHandler.handleRequest(ServletConfidentialityConstraintHandler.java:64)
	at io.undertow.core@2.1.0.Final//io.undertow.security.handlers.AuthenticationMechanismsHandler.handleRequest(AuthenticationMechanismsHandler.java:60)
	at io.undertow.servlet@2.1.0.Final//io.undertow.servlet.handlers.security.CachedAuthenticatedSessionHandler.handleRequest(CachedAuthenticatedSessionHandler.java:77)
	at io.undertow.core@2.1.0.Final//io.undertow.security.handlers.NotificationReceiverHandler.handleRequest(NotificationReceiverHandler.java:50)
	at io.undertow.core@2.1.0.Final//io.undertow.security.handlers.AbstractSecurityContextAssociationHandler.handleRequest(AbstractSecurityContextAssociationHandler.java:43)
	at io.undertow.core@2.1.0.Final//io.undertow.server.handlers.PredicateHandler.handleRequest(PredicateHandler.java:43)
	at org.wildfly.extension.undertow@19.1.0.Final//org.wildfly.extension.undertow.security.jacc.JACCContextIdHandler.handleRequest(JACCContextIdHandler.java:61)
	at io.undertow.core@2.1.0.Final//io.undertow.server.handlers.PredicateHandler.handleRequest(PredicateHandler.java:43)
	at org.wildfly.extension.undertow@19.1.0.Final//org.wildfly.extension.undertow.deployment.GlobalRequestControllerHandler.handleRequest(GlobalRequestControllerHandler.java:68)
	at io.undertow.core@2.1.0.Final//io.undertow.server.handlers.PredicateHandler.handleRequest(PredicateHandler.java:43)
	at io.undertow.servlet@2.1.0.Final//io.undertow.servlet.handlers.ServletInitialHandler.handleFirstRequest(ServletInitialHandler.java:269)
	at io.undertow.servlet@2.1.0.Final//io.undertow.servlet.handlers.ServletInitialHandler.access$100(ServletInitialHandler.java:78)
	at io.undertow.servlet@2.1.0.Final//io.undertow.servlet.handlers.ServletInitialHandler$2.call(ServletInitialHandler.java:133)
	at io.undertow.servlet@2.1.0.Final//io.undertow.servlet.handlers.ServletInitialHandler$2.call(ServletInitialHandler.java:130)
	at io.undertow.servlet@2.1.0.Final//io.undertow.servlet.core.ServletRequestContextThreadSetupAction$1.call(ServletRequestContextThreadSetupAction.java:48)
	at io.undertow.servlet@2.1.0.Final//io.undertow.servlet.core.ContextClassLoaderSetupAction$1.call(ContextClassLoaderSetupAction.java:43)
	at org.wildfly.extension.undertow@19.1.0.Final//org.wildfly.extension.undertow.security.SecurityContextThreadSetupAction.lambda$create$0(SecurityContextThreadSetupAction.java:105)
	at org.wildfly.extension.undertow@19.1.0.Final//org.wildfly.extension.undertow.deployment.UndertowDeploymentInfoService$UndertowThreadSetupAction.lambda$create$0(UndertowDeploymentInfoService.java:1541)
	at org.wildfly.extension.undertow@19.1.0.Final//org.wildfly.extension.undertow.deployment.UndertowDeploymentInfoService$UndertowThreadSetupAction.lambda$create$0(UndertowDeploymentInfoService.java:1541)
	at org.wildfly.extension.undertow@19.1.0.Final//org.wildfly.extension.undertow.deployment.UndertowDeploymentInfoService$UndertowThreadSetupAction.lambda$create$0(UndertowDeploymentInfoService.java:1541)
	at org.wildfly.extension.undertow@19.1.0.Final//org.wildfly.extension.undertow.deployment.UndertowDeploymentInfoService$UndertowThreadSetupAction.lambda$create$0(UndertowDeploymentInfoService.java:1541)
	at io.undertow.servlet@2.1.0.Final//io.undertow.servlet.handlers.ServletInitialHandler.dispatchRequest(ServletInitialHandler.java:249)
	at io.undertow.servlet@2.1.0.Final//io.undertow.servlet.handlers.ServletInitialHandler.access$000(ServletInitialHandler.java:78)
	at io.undertow.servlet@2.1.0.Final//io.undertow.servlet.handlers.ServletInitialHandler$1.handleRequest(ServletInitialHandler.java:99)
	at io.undertow.core@2.1.0.Final//io.undertow.server.Connectors.executeRootHandler(Connectors.java:370)
	at io.undertow.core@2.1.0.Final//io.undertow.server.HttpServerExchange$1.run(HttpServerExchange.java:830)
	at org.jboss.threads@2.3.3.Final//org.jboss.threads.ContextClassLoaderSavingRunnable.run(ContextClassLoaderSavingRunnable.java:35)
	at org.jboss.threads@2.3.3.Final//org.jboss.threads.EnhancedQueueExecutor.safeRun(EnhancedQueueExecutor.java:1982)
	at org.jboss.threads@2.3.3.Final//org.jboss.threads.EnhancedQueueExecutor$ThreadBody.doRunTask(EnhancedQueueExecutor.java:1486)
	at org.jboss.threads@2.3.3.Final//org.jboss.threads.EnhancedQueueExecutor$ThreadBody.run(EnhancedQueueExecutor.java:1377)
	at java.base/java.lang.Thread.run(Thread.java:833)
Caused by: javax.servlet.jsp.JspTagException: Don't know how to iterate over supplied "items" in &lt;forEach&gt;
	at javax.servlet.jstl.api@1.2.6-RC1//org.apache.taglibs.standard.tag.common.core.ForEachSupport.toIterator(ForEachSupport.java:90)
	at javax.servlet.jstl.api@1.2.6-RC1//org.apache.taglibs.standard.tag.common.core.ForEachSupport.prepare(ForEachSupport.java:72)
	at javax.servlet.jstl.api@1.2.6-RC1//javax.servlet.jsp.jstl.core.LoopTagSupport.doStartTag(LoopTagSupport.java:241)
	at org.apache.jsp.editarreserva_jsp._jspx_meth_c_005fforEach_005f1(editarreserva_jsp.java:306)
	at org.apache.jsp.editarreserva_jsp._jspx_meth_c_005fif_005f1(editarreserva_jsp.java:275)
	at org.apache.jsp.editarreserva_jsp._jspService(editarreserva_jsp.java:130)
	... 63 more

2023-07-11 08:25:31,720 INFO  [stdout] (default task-1) Entrou no seleciona Reserva --> ID: 31
2023-07-11 08:25:31,720 INFO  [stdout] (default task-1) ID DA RESERVA GETRESERVA: 31
2023-07-11 08:25:31,761 INFO  [stdout] (default task-1) sql: SELECT reserva_livro.idreserva, cliente.idcliente, cliente.nomecliente, livro.idlivro, livro.nomelivro FROM livro, cliente, reserva_livro WHERE cliente.idcliente = reserva_livro.clienteid AND livro.idlivro = reserva_livro.livroid AND reserva_livro.idreserva = 31
2023-07-11 08:25:31,805 INFO  [stdout] (default task-1) sql: SELECT * FROM livro ORDER BY idlivro
2023-07-11 08:25:31,807 ERROR [io.undertow.request] (default task-1) UT005023: Exception handling request to /projetoPOO/editarreserva.jsp: javax.servlet.ServletException: javax.servlet.jsp.JspTagException: Don't know how to iterate over supplied "items" in &lt;forEach&gt;
	at io.undertow.jsp@2.0.8.Final//org.apache.jasper.runtime.PageContextImpl.doHandlePageException(PageContextImpl.java:889)
	at io.undertow.jsp@2.0.8.Final//org.apache.jasper.runtime.PageContextImpl.handlePageException(PageContextImpl.java:818)
	at org.apache.jsp.editarreserva_jsp._jspService(editarreserva_jsp.java:170)
	at io.undertow.jsp@2.0.8.Final//org.apache.jasper.runtime.HttpJspBase.service(HttpJspBase.java:70)
	at javax.servlet.api@2.0.0.Final//javax.servlet.http.HttpServlet.service(HttpServlet.java:590)
	at io.undertow.jsp@2.0.8.Final//org.apache.jasper.servlet.JspServletWrapper.service(JspServletWrapper.java:433)
	at io.undertow.jsp@2.0.8.Final//org.apache.jasper.servlet.JspServlet.serviceJspFile(JspServlet.java:403)
	at io.undertow.jsp@2.0.8.Final//org.apache.jasper.servlet.JspServlet.service(JspServlet.java:347)
	at javax.servlet.api@2.0.0.Final//javax.servlet.http.HttpServlet.service(HttpServlet.java:590)
	at io.undertow.servlet@2.1.0.Final//io.undertow.servlet.handlers.ServletHandler.handleRequest(ServletHandler.java:74)
	at io.undertow.servlet@2.1.0.Final//io.undertow.servlet.handlers.security.ServletSecurityRoleHandler.handleRequest(ServletSecurityRoleHandler.java:62)
	at io.undertow.jsp@2.0.8.Final//io.undertow.jsp.JspFileHandler.handleRequest(JspFileHandler.java:32)
	at io.undertow.servlet@2.1.0.Final//io.undertow.servlet.handlers.ServletChain$1.handleRequest(ServletChain.java:68)
	at io.undertow.servlet@2.1.0.Final//io.undertow.servlet.handlers.ServletDispatchingHandler.handleRequest(ServletDispatchingHandler.java:36)
	at io.undertow.core@2.1.0.Final//io.undertow.server.handlers.PredicateHandler.handleRequest(PredicateHandler.java:43)
	at io.undertow.servlet@2.1.0.Final//io.undertow.servlet.handlers.RedirectDirHandler.handleRequest(RedirectDirHandler.java:68)
	at io.undertow.core@2.1.0.Final//io.undertow.server.handlers.PredicateHandler.handleRequest(PredicateHandler.java:43)
	at io.undertow.core@2.1.0.Final//io.undertow.server.handlers.PredicateHandler.handleRequest(PredicateHandler.java:43)
	at io.undertow.servlet@2.1.0.Final//io.undertow.servlet.handlers.ServletInitialHandler.dispatchRequest(ServletInitialHandler.java:251)
	at io.undertow.servlet@2.1.0.Final//io.undertow.servlet.handlers.ServletInitialHandler.dispatchToPath(ServletInitialHandler.java:186)
	at io.undertow.servlet@2.1.0.Final//io.undertow.servlet.spec.RequestDispatcherImpl.forwardImpl(RequestDispatcherImpl.java:227)
	at io.undertow.servlet@2.1.0.Final//io.undertow.servlet.spec.RequestDispatcherImpl.forwardImplSetup(RequestDispatcherImpl.java:149)
	at io.undertow.servlet@2.1.0.Final//io.undertow.servlet.spec.RequestDispatcherImpl.forward(RequestDispatcherImpl.java:111)
	at deployment.projetoPOO.war//controller.ReservaController.service(ReservaController.java:79)
	at io.undertow.servlet@2.1.0.Final//io.undertow.servlet.handlers.ServletHandler.handleRequest(ServletHandler.java:74)
	at io.undertow.servlet@2.1.0.Final//io.undertow.servlet.handlers.security.ServletSecurityRoleHandler.handleRequest(ServletSecurityRoleHandler.java:62)
	at io.undertow.servlet@2.1.0.Final//io.undertow.servlet.handlers.ServletChain$1.handleRequest(ServletChain.java:68)
	at io.undertow.servlet@2.1.0.Final//io.undertow.servlet.handlers.ServletDispatchingHandler.handleRequest(ServletDispatchingHandler.java:36)
	at org.wildfly.extension.undertow@19.1.0.Final//org.wildfly.extension.undertow.security.SecurityContextAssociationHandler.handleRequest(SecurityContextAssociationHandler.java:78)
	at io.undertow.core@2.1.0.Final//io.undertow.server.handlers.PredicateHandler.handleRequest(PredicateHandler.java:43)
	at io.undertow.servlet@2.1.0.Final//io.undertow.servlet.handlers.RedirectDirHandler.handleRequest(RedirectDirHandler.java:68)
	at io.undertow.servlet@2.1.0.Final//io.undertow.servlet.handlers.security.SSLInformationAssociationHandler.handleRequest(SSLInformationAssociationHandler.java:132)
	at io.undertow.servlet@2.1.0.Final//io.undertow.servlet.handlers.security.ServletAuthenticationCallHandler.handleRequest(ServletAuthenticationCallHandler.java:57)
	at io.undertow.core@2.1.0.Final//io.undertow.server.handlers.PredicateHandler.handleRequest(PredicateHandler.java:43)
	at io.undertow.core@2.1.0.Final//io.undertow.security.handlers.AbstractConfidentialityHandler.handleRequest(AbstractConfidentialityHandler.java:46)
	at io.undertow.servlet@2.1.0.Final//io.undertow.servlet.handlers.security.ServletConfidentialityConstraintHandler.handleRequest(ServletConfidentialityConstraintHandler.java:64)
	at io.undertow.core@2.1.0.Final//io.undertow.security.handlers.AuthenticationMechanismsHandler.handleRequest(AuthenticationMechanismsHandler.java:60)
	at io.undertow.servlet@2.1.0.Final//io.undertow.servlet.handlers.security.CachedAuthenticatedSessionHandler.handleRequest(CachedAuthenticatedSessionHandler.java:77)
	at io.undertow.core@2.1.0.Final//io.undertow.security.handlers.NotificationReceiverHandler.handleRequest(NotificationReceiverHandler.java:50)
	at io.undertow.core@2.1.0.Final//io.undertow.security.handlers.AbstractSecurityContextAssociationHandler.handleRequest(AbstractSecurityContextAssociationHandler.java:43)
	at io.undertow.core@2.1.0.Final//io.undertow.server.handlers.PredicateHandler.handleRequest(PredicateHandler.java:43)
	at org.wildfly.extension.undertow@19.1.0.Final//org.wildfly.extension.undertow.security.jacc.JACCContextIdHandler.handleRequest(JACCContextIdHandler.java:61)
	at io.undertow.core@2.1.0.Final//io.undertow.server.handlers.PredicateHandler.handleRequest(PredicateHandler.java:43)
	at org.wildfly.extension.undertow@19.1.0.Final//org.wildfly.extension.undertow.deployment.GlobalRequestControllerHandler.handleRequest(GlobalRequestControllerHandler.java:68)
	at io.undertow.core@2.1.0.Final//io.undertow.server.handlers.PredicateHandler.handleRequest(PredicateHandler.java:43)
	at io.undertow.servlet@2.1.0.Final//io.undertow.servlet.handlers.ServletInitialHandler.handleFirstRequest(ServletInitialHandler.java:269)
	at io.undertow.servlet@2.1.0.Final//io.undertow.servlet.handlers.ServletInitialHandler.access$100(ServletInitialHandler.java:78)
	at io.undertow.servlet@2.1.0.Final//io.undertow.servlet.handlers.ServletInitialHandler$2.call(ServletInitialHandler.java:133)
	at io.undertow.servlet@2.1.0.Final//io.undertow.servlet.handlers.ServletInitialHandler$2.call(ServletInitialHandler.java:130)
	at io.undertow.servlet@2.1.0.Final//io.undertow.servlet.core.ServletRequestContextThreadSetupAction$1.call(ServletRequestContextThreadSetupAction.java:48)
	at io.undertow.servlet@2.1.0.Final//io.undertow.servlet.core.ContextClassLoaderSetupAction$1.call(ContextClassLoaderSetupAction.java:43)
	at org.wildfly.extension.undertow@19.1.0.Final//org.wildfly.extension.undertow.security.SecurityContextThreadSetupAction.lambda$create$0(SecurityContextThreadSetupAction.java:105)
	at org.wildfly.extension.undertow@19.1.0.Final//org.wildfly.extension.undertow.deployment.UndertowDeploymentInfoService$UndertowThreadSetupAction.lambda$create$0(UndertowDeploymentInfoService.java:1541)
	at org.wildfly.extension.undertow@19.1.0.Final//org.wildfly.extension.undertow.deployment.UndertowDeploymentInfoService$UndertowThreadSetupAction.lambda$create$0(UndertowDeploymentInfoService.java:1541)
	at org.wildfly.extension.undertow@19.1.0.Final//org.wildfly.extension.undertow.deployment.UndertowDeploymentInfoService$UndertowThreadSetupAction.lambda$create$0(UndertowDeploymentInfoService.java:1541)
	at org.wildfly.extension.undertow@19.1.0.Final//org.wildfly.extension.undertow.deployment.UndertowDeploymentInfoService$UndertowThreadSetupAction.lambda$create$0(UndertowDeploymentInfoService.java:1541)
	at io.undertow.servlet@2.1.0.Final//io.undertow.servlet.handlers.ServletInitialHandler.dispatchRequest(ServletInitialHandler.java:249)
	at io.undertow.servlet@2.1.0.Final//io.undertow.servlet.handlers.ServletInitialHandler.access$000(ServletInitialHandler.java:78)
	at io.undertow.servlet@2.1.0.Final//io.undertow.servlet.handlers.ServletInitialHandler$1.handleRequest(ServletInitialHandler.java:99)
	at io.undertow.core@2.1.0.Final//io.undertow.server.Connectors.executeRootHandler(Connectors.java:370)
	at io.undertow.core@2.1.0.Final//io.undertow.server.HttpServerExchange$1.run(HttpServerExchange.java:830)
	at org.jboss.threads@2.3.3.Final//org.jboss.threads.ContextClassLoaderSavingRunnable.run(ContextClassLoaderSavingRunnable.java:35)
	at org.jboss.threads@2.3.3.Final//org.jboss.threads.EnhancedQueueExecutor.safeRun(EnhancedQueueExecutor.java:1982)
	at org.jboss.threads@2.3.3.Final//org.jboss.threads.EnhancedQueueExecutor$ThreadBody.doRunTask(EnhancedQueueExecutor.java:1486)
	at org.jboss.threads@2.3.3.Final//org.jboss.threads.EnhancedQueueExecutor$ThreadBody.run(EnhancedQueueExecutor.java:1377)
	at java.base/java.lang.Thread.run(Thread.java:833)
Caused by: javax.servlet.jsp.JspTagException: Don't know how to iterate over supplied "items" in &lt;forEach&gt;
	at javax.servlet.jstl.api@1.2.6-RC1//org.apache.taglibs.standard.tag.common.core.ForEachSupport.toIterator(ForEachSupport.java:90)
	at javax.servlet.jstl.api@1.2.6-RC1//org.apache.taglibs.standard.tag.common.core.ForEachSupport.prepare(ForEachSupport.java:72)
	at javax.servlet.jstl.api@1.2.6-RC1//javax.servlet.jsp.jstl.core.LoopTagSupport.doStartTag(LoopTagSupport.java:241)
	at org.apache.jsp.editarreserva_jsp._jspx_meth_c_005fforEach_005f1(editarreserva_jsp.java:306)
	at org.apache.jsp.editarreserva_jsp._jspx_meth_c_005fif_005f1(editarreserva_jsp.java:275)
	at org.apache.jsp.editarreserva_jsp._jspService(editarreserva_jsp.java:130)
	... 63 more

2023-07-11 08:25:36,060 INFO  [stdout] (default task-1) sql: SELECT reserva_livro.idreserva, cliente.idcliente, cliente.nomecliente, livro.idlivro, livro.nomelivro FROM livro, cliente, reserva_livro WHERE cliente.idcliente = reserva_livro.clienteid AND livro.idlivro = reserva_livro.livroid ORDER BY cliente.idcliente
2023-07-11 08:25:47,796 INFO  [stdout] (default task-1) sql: SELECT reserva_livro.idreserva, cliente.idcliente, cliente.nomecliente, livro.idlivro, livro.nomelivro FROM livro, cliente, reserva_livro WHERE cliente.idcliente = reserva_livro.clienteid AND livro.idlivro = reserva_livro.livroid ORDER BY cliente.idcliente
2023-07-11 08:25:55,335 INFO  [stdout] (default task-1) Entrou no seleciona Reserva --> ID: 31
2023-07-11 08:25:55,335 INFO  [stdout] (default task-1) ID DA RESERVA GETRESERVA: 31
2023-07-11 08:25:55,376 INFO  [stdout] (default task-1) sql: SELECT reserva_livro.idreserva, cliente.idcliente, cliente.nomecliente, livro.idlivro, livro.nomelivro FROM livro, cliente, reserva_livro WHERE cliente.idcliente = reserva_livro.clienteid AND livro.idlivro = reserva_livro.livroid AND reserva_livro.idreserva = 31
2023-07-11 08:25:55,417 INFO  [stdout] (default task-1) sql: SELECT * FROM livro ORDER BY idlivro
2023-07-11 08:25:55,419 ERROR [io.undertow.request] (default task-1) UT005023: Exception handling request to /projetoPOO/editarreserva.jsp: javax.servlet.ServletException: javax.servlet.jsp.JspTagException: Don't know how to iterate over supplied "items" in &lt;forEach&gt;
	at io.undertow.jsp@2.0.8.Final//org.apache.jasper.runtime.PageContextImpl.doHandlePageException(PageContextImpl.java:889)
	at io.undertow.jsp@2.0.8.Final//org.apache.jasper.runtime.PageContextImpl.handlePageException(PageContextImpl.java:818)
	at org.apache.jsp.editarreserva_jsp._jspService(editarreserva_jsp.java:170)
	at io.undertow.jsp@2.0.8.Final//org.apache.jasper.runtime.HttpJspBase.service(HttpJspBase.java:70)
	at javax.servlet.api@2.0.0.Final//javax.servlet.http.HttpServlet.service(HttpServlet.java:590)
	at io.undertow.jsp@2.0.8.Final//org.apache.jasper.servlet.JspServletWrapper.service(JspServletWrapper.java:433)
	at io.undertow.jsp@2.0.8.Final//org.apache.jasper.servlet.JspServlet.serviceJspFile(JspServlet.java:403)
	at io.undertow.jsp@2.0.8.Final//org.apache.jasper.servlet.JspServlet.service(JspServlet.java:347)
	at javax.servlet.api@2.0.0.Final//javax.servlet.http.HttpServlet.service(HttpServlet.java:590)
	at io.undertow.servlet@2.1.0.Final//io.undertow.servlet.handlers.ServletHandler.handleRequest(ServletHandler.java:74)
	at io.undertow.servlet@2.1.0.Final//io.undertow.servlet.handlers.security.ServletSecurityRoleHandler.handleRequest(ServletSecurityRoleHandler.java:62)
	at io.undertow.jsp@2.0.8.Final//io.undertow.jsp.JspFileHandler.handleRequest(JspFileHandler.java:32)
	at io.undertow.servlet@2.1.0.Final//io.undertow.servlet.handlers.ServletChain$1.handleRequest(ServletChain.java:68)
	at io.undertow.servlet@2.1.0.Final//io.undertow.servlet.handlers.ServletDispatchingHandler.handleRequest(ServletDispatchingHandler.java:36)
	at io.undertow.core@2.1.0.Final//io.undertow.server.handlers.PredicateHandler.handleRequest(PredicateHandler.java:43)
	at io.undertow.servlet@2.1.0.Final//io.undertow.servlet.handlers.RedirectDirHandler.handleRequest(RedirectDirHandler.java:68)
	at io.undertow.core@2.1.0.Final//io.undertow.server.handlers.PredicateHandler.handleRequest(PredicateHandler.java:43)
	at io.undertow.core@2.1.0.Final//io.undertow.server.handlers.PredicateHandler.handleRequest(PredicateHandler.java:43)
	at io.undertow.servlet@2.1.0.Final//io.undertow.servlet.handlers.ServletInitialHandler.dispatchRequest(ServletInitialHandler.java:251)
	at io.undertow.servlet@2.1.0.Final//io.undertow.servlet.handlers.ServletInitialHandler.dispatchToPath(ServletInitialHandler.java:186)
	at io.undertow.servlet@2.1.0.Final//io.undertow.servlet.spec.RequestDispatcherImpl.forwardImpl(RequestDispatcherImpl.java:227)
	at io.undertow.servlet@2.1.0.Final//io.undertow.servlet.spec.RequestDispatcherImpl.forwardImplSetup(RequestDispatcherImpl.java:149)
	at io.undertow.servlet@2.1.0.Final//io.undertow.servlet.spec.RequestDispatcherImpl.forward(RequestDispatcherImpl.java:111)
	at deployment.projetoPOO.war//controller.ReservaController.service(ReservaController.java:79)
	at io.undertow.servlet@2.1.0.Final//io.undertow.servlet.handlers.ServletHandler.handleRequest(ServletHandler.java:74)
	at io.undertow.servlet@2.1.0.Final//io.undertow.servlet.handlers.security.ServletSecurityRoleHandler.handleRequest(ServletSecurityRoleHandler.java:62)
	at io.undertow.servlet@2.1.0.Final//io.undertow.servlet.handlers.ServletChain$1.handleRequest(ServletChain.java:68)
	at io.undertow.servlet@2.1.0.Final//io.undertow.servlet.handlers.ServletDispatchingHandler.handleRequest(ServletDispatchingHandler.java:36)
	at org.wildfly.extension.undertow@19.1.0.Final//org.wildfly.extension.undertow.security.SecurityContextAssociationHandler.handleRequest(SecurityContextAssociationHandler.java:78)
	at io.undertow.core@2.1.0.Final//io.undertow.server.handlers.PredicateHandler.handleRequest(PredicateHandler.java:43)
	at io.undertow.servlet@2.1.0.Final//io.undertow.servlet.handlers.RedirectDirHandler.handleRequest(RedirectDirHandler.java:68)
	at io.undertow.servlet@2.1.0.Final//io.undertow.servlet.handlers.security.SSLInformationAssociationHandler.handleRequest(SSLInformationAssociationHandler.java:132)
	at io.undertow.servlet@2.1.0.Final//io.undertow.servlet.handlers.security.ServletAuthenticationCallHandler.handleRequest(ServletAuthenticationCallHandler.java:57)
	at io.undertow.core@2.1.0.Final//io.undertow.server.handlers.PredicateHandler.handleRequest(PredicateHandler.java:43)
	at io.undertow.core@2.1.0.Final//io.undertow.security.handlers.AbstractConfidentialityHandler.handleRequest(AbstractConfidentialityHandler.java:46)
	at io.undertow.servlet@2.1.0.Final//io.undertow.servlet.handlers.security.ServletConfidentialityConstraintHandler.handleRequest(ServletConfidentialityConstraintHandler.java:64)
	at io.undertow.core@2.1.0.Final//io.undertow.security.handlers.AuthenticationMechanismsHandler.handleRequest(AuthenticationMechanismsHandler.java:60)
	at io.undertow.servlet@2.1.0.Final//io.undertow.servlet.handlers.security.CachedAuthenticatedSessionHandler.handleRequest(CachedAuthenticatedSessionHandler.java:77)
	at io.undertow.core@2.1.0.Final//io.undertow.security.handlers.NotificationReceiverHandler.handleRequest(NotificationReceiverHandler.java:50)
	at io.undertow.core@2.1.0.Final//io.undertow.security.handlers.AbstractSecurityContextAssociationHandler.handleRequest(AbstractSecurityContextAssociationHandler.java:43)
	at io.undertow.core@2.1.0.Final//io.undertow.server.handlers.PredicateHandler.handleRequest(PredicateHandler.java:43)
	at org.wildfly.extension.undertow@19.1.0.Final//org.wildfly.extension.undertow.security.jacc.JACCContextIdHandler.handleRequest(JACCContextIdHandler.java:61)
	at io.undertow.core@2.1.0.Final//io.undertow.server.handlers.PredicateHandler.handleRequest(PredicateHandler.java:43)
	at org.wildfly.extension.undertow@19.1.0.Final//org.wildfly.extension.undertow.deployment.GlobalRequestControllerHandler.handleRequest(GlobalRequestControllerHandler.java:68)
	at io.undertow.core@2.1.0.Final//io.undertow.server.handlers.PredicateHandler.handleRequest(PredicateHandler.java:43)
	at io.undertow.servlet@2.1.0.Final//io.undertow.servlet.handlers.ServletInitialHandler.handleFirstRequest(ServletInitialHandler.java:269)
	at io.undertow.servlet@2.1.0.Final//io.undertow.servlet.handlers.ServletInitialHandler.access$100(ServletInitialHandler.java:78)
	at io.undertow.servlet@2.1.0.Final//io.undertow.servlet.handlers.ServletInitialHandler$2.call(ServletInitialHandler.java:133)
	at io.undertow.servlet@2.1.0.Final//io.undertow.servlet.handlers.ServletInitialHandler$2.call(ServletInitialHandler.java:130)
	at io.undertow.servlet@2.1.0.Final//io.undertow.servlet.core.ServletRequestContextThreadSetupAction$1.call(ServletRequestContextThreadSetupAction.java:48)
	at io.undertow.servlet@2.1.0.Final//io.undertow.servlet.core.ContextClassLoaderSetupAction$1.call(ContextClassLoaderSetupAction.java:43)
	at org.wildfly.extension.undertow@19.1.0.Final//org.wildfly.extension.undertow.security.SecurityContextThreadSetupAction.lambda$create$0(SecurityContextThreadSetupAction.java:105)
	at org.wildfly.extension.undertow@19.1.0.Final//org.wildfly.extension.undertow.deployment.UndertowDeploymentInfoService$UndertowThreadSetupAction.lambda$create$0(UndertowDeploymentInfoService.java:1541)
	at org.wildfly.extension.undertow@19.1.0.Final//org.wildfly.extension.undertow.deployment.UndertowDeploymentInfoService$UndertowThreadSetupAction.lambda$create$0(UndertowDeploymentInfoService.java:1541)
	at org.wildfly.extension.undertow@19.1.0.Final//org.wildfly.extension.undertow.deployment.UndertowDeploymentInfoService$UndertowThreadSetupAction.lambda$create$0(UndertowDeploymentInfoService.java:1541)
	at org.wildfly.extension.undertow@19.1.0.Final//org.wildfly.extension.undertow.deployment.UndertowDeploymentInfoService$UndertowThreadSetupAction.lambda$create$0(UndertowDeploymentInfoService.java:1541)
	at io.undertow.servlet@2.1.0.Final//io.undertow.servlet.handlers.ServletInitialHandler.dispatchRequest(ServletInitialHandler.java:249)
	at io.undertow.servlet@2.1.0.Final//io.undertow.servlet.handlers.ServletInitialHandler.access$000(ServletInitialHandler.java:78)
	at io.undertow.servlet@2.1.0.Final//io.undertow.servlet.handlers.ServletInitialHandler$1.handleRequest(ServletInitialHandler.java:99)
	at io.undertow.core@2.1.0.Final//io.undertow.server.Connectors.executeRootHandler(Connectors.java:370)
	at io.undertow.core@2.1.0.Final//io.undertow.server.HttpServerExchange$1.run(HttpServerExchange.java:830)
	at org.jboss.threads@2.3.3.Final//org.jboss.threads.ContextClassLoaderSavingRunnable.run(ContextClassLoaderSavingRunnable.java:35)
	at org.jboss.threads@2.3.3.Final//org.jboss.threads.EnhancedQueueExecutor.safeRun(EnhancedQueueExecutor.java:1982)
	at org.jboss.threads@2.3.3.Final//org.jboss.threads.EnhancedQueueExecutor$ThreadBody.doRunTask(EnhancedQueueExecutor.java:1486)
	at org.jboss.threads@2.3.3.Final//org.jboss.threads.EnhancedQueueExecutor$ThreadBody.run(EnhancedQueueExecutor.java:1377)
	at java.base/java.lang.Thread.run(Thread.java:833)
Caused by: javax.servlet.jsp.JspTagException: Don't know how to iterate over supplied "items" in &lt;forEach&gt;
	at javax.servlet.jstl.api@1.2.6-RC1//org.apache.taglibs.standard.tag.common.core.ForEachSupport.toIterator(ForEachSupport.java:90)
	at javax.servlet.jstl.api@1.2.6-RC1//org.apache.taglibs.standard.tag.common.core.ForEachSupport.prepare(ForEachSupport.java:72)
	at javax.servlet.jstl.api@1.2.6-RC1//javax.servlet.jsp.jstl.core.LoopTagSupport.doStartTag(LoopTagSupport.java:241)
	at org.apache.jsp.editarreserva_jsp._jspx_meth_c_005fforEach_005f1(editarreserva_jsp.java:306)
	at org.apache.jsp.editarreserva_jsp._jspx_meth_c_005fif_005f1(editarreserva_jsp.java:275)
	at org.apache.jsp.editarreserva_jsp._jspService(editarreserva_jsp.java:130)
	... 63 more

2023-07-11 08:26:57,828 INFO  [stdout] (default task-1) sql: SELECT reserva_livro.idreserva, cliente.idcliente, cliente.nomecliente, livro.idlivro, livro.nomelivro FROM livro, cliente, reserva_livro WHERE cliente.idcliente = reserva_livro.clienteid AND livro.idlivro = reserva_livro.livroid ORDER BY cliente.idcliente
2023-07-11 08:26:57,954 INFO  [org.jboss.as.connector.deployers.jdbc] (MSC service thread 1-5) WFLYJCA0019: Stopped Driver service with driver-name = projetoPOO.war_org.postgresql.Driver_42_3
2023-07-11 08:26:57,956 INFO  [org.jboss.as.connector.deployers.jdbc] (MSC service thread 1-2) WFLYJCA0019: Stopped Driver service with driver-name = projetoPOO.war
2023-07-11 08:26:57,957 INFO  [org.wildfly.extension.undertow] (ServerService Thread Pool -- 166) WFLYUT0022: Unregistered web context: '/projetoPOO' from server 'default-server'
2023-07-11 08:26:58,117 INFO  [org.jboss.as.server.deployment] (MSC service thread 1-5) WFLYSRV0028: Stopped deployment projetoPOO.war (runtime-name: projetoPOO.war) in 188ms
2023-07-11 08:26:58,146 INFO  [org.jboss.as.server] (management-handler-thread - 1) WFLYSRV0009: Undeployed "projetoPOO.war" (runtime-name: "projetoPOO.war")
2023-07-11 08:26:58,279 INFO  [org.jboss.as.server.deployment] (MSC service thread 1-5) WFLYSRV0027: Starting deployment of "projetoPOO.war" (runtime-name: "projetoPOO.war")
2023-07-11 08:26:59,079 INFO  [org.jboss.as.connector.deployers.jdbc] (MSC service thread 1-3) WFLYJCA0005: Deploying non-JDBC-compliant driver class org.postgresql.Driver (version 42.3)
2023-07-11 08:26:59,079 INFO  [org.jboss.as.connector.deployers.jdbc] (MSC service thread 1-3) WFLYJCA0005: Deploying non-JDBC-compliant driver class org.postgresql.Driver (version 42.3)
2023-07-11 08:26:59,080 WARN  [org.jboss.as.connector.deployers.jdbc] (MSC service thread 1-3) WFLYJCA0003: Unable to instantiate driver class "org.postgresql.Driver": org.jboss.msc.service.DuplicateServiceException: Service jboss.jdbc-driver.projetoPOO_war_org_postgresql_Driver_42_3 is already registered
2023-07-11 08:26:59,098 INFO  [org.jboss.as.connector.deployers.jdbc] (MSC service thread 1-5) WFLYJCA0018: Started Driver service with driver-name = projetoPOO.war_org.postgresql.Driver_42_3
2023-07-11 08:26:59,098 INFO  [org.jboss.as.connector.deployers.jdbc] (MSC service thread 1-7) WFLYJCA0018: Started Driver service with driver-name = projetoPOO.war
2023-07-11 08:26:59,109 INFO  [org.wildfly.extension.undertow] (ServerService Thread Pool -- 226) WFLYUT0021: Registered web context: '/projetoPOO' for server 'default-server'
2023-07-11 08:26:59,182 INFO  [org.jboss.as.server] (management-handler-thread - 2) WFLYSRV0010: Deployed "projetoPOO.war" (runtime-name : "projetoPOO.war")
2023-07-11 08:26:59,426 INFO  [stdout] (default task-1) sql: SELECT reserva_livro.idreserva, cliente.idcliente, cliente.nomecliente, livro.idlivro, livro.nomelivro FROM livro, cliente, reserva_livro WHERE cliente.idcliente = reserva_livro.clienteid AND livro.idlivro = reserva_livro.livroid ORDER BY cliente.idcliente
2023-07-11 08:26:59,794 INFO  [stdout] (default task-1) sql: SELECT reserva_livro.idreserva, cliente.idcliente, cliente.nomecliente, livro.idlivro, livro.nomelivro FROM livro, cliente, reserva_livro WHERE cliente.idcliente = reserva_livro.clienteid AND livro.idlivro = reserva_livro.livroid ORDER BY cliente.idcliente
2023-07-11 08:27:01,169 INFO  [stdout] (default task-1) Entrou no seleciona Reserva --> ID: 31
2023-07-11 08:27:01,170 INFO  [stdout] (default task-1) ID DA RESERVA GETRESERVA: 31
2023-07-11 08:27:01,218 INFO  [stdout] (default task-1) sql: SELECT reserva_livro.idreserva, cliente.idcliente, cliente.nomecliente, livro.idlivro, livro.nomelivro FROM livro, cliente, reserva_livro WHERE cliente.idcliente = reserva_livro.clienteid AND livro.idlivro = reserva_livro.livroid AND reserva_livro.idreserva = 31
2023-07-11 08:27:01,377 INFO  [stdout] (default task-1) sql: SELECT * FROM livro ORDER BY idlivro
2023-07-11 08:27:01,473 ERROR [io.undertow.request] (default task-1) UT005023: Exception handling request to /projetoPOO/editarreserva.jsp: javax.servlet.ServletException: javax.servlet.jsp.JspTagException: Don't know how to iterate over supplied "items" in &lt;forEach&gt;
	at io.undertow.jsp@2.0.8.Final//org.apache.jasper.runtime.PageContextImpl.doHandlePageException(PageContextImpl.java:889)
	at io.undertow.jsp@2.0.8.Final//org.apache.jasper.runtime.PageContextImpl.handlePageException(PageContextImpl.java:818)
	at org.apache.jsp.editarreserva_jsp._jspService(editarreserva_jsp.java:170)
	at io.undertow.jsp@2.0.8.Final//org.apache.jasper.runtime.HttpJspBase.service(HttpJspBase.java:70)
	at javax.servlet.api@2.0.0.Final//javax.servlet.http.HttpServlet.service(HttpServlet.java:590)
	at io.undertow.jsp@2.0.8.Final//org.apache.jasper.servlet.JspServletWrapper.service(JspServletWrapper.java:433)
	at io.undertow.jsp@2.0.8.Final//org.apache.jasper.servlet.JspServlet.serviceJspFile(JspServlet.java:403)
	at io.undertow.jsp@2.0.8.Final//org.apache.jasper.servlet.JspServlet.service(JspServlet.java:347)
	at javax.servlet.api@2.0.0.Final//javax.servlet.http.HttpServlet.service(HttpServlet.java:590)
	at io.undertow.servlet@2.1.0.Final//io.undertow.servlet.handlers.ServletHandler.handleRequest(ServletHandler.java:74)
	at io.undertow.servlet@2.1.0.Final//io.undertow.servlet.handlers.security.ServletSecurityRoleHandler.handleRequest(ServletSecurityRoleHandler.java:62)
	at io.undertow.jsp@2.0.8.Final//io.undertow.jsp.JspFileHandler.handleRequest(JspFileHandler.java:32)
	at io.undertow.servlet@2.1.0.Final//io.undertow.servlet.handlers.ServletChain$1.handleRequest(ServletChain.java:68)
	at io.undertow.servlet@2.1.0.Final//io.undertow.servlet.handlers.ServletDispatchingHandler.handleRequest(ServletDispatchingHandler.java:36)
	at io.undertow.core@2.1.0.Final//io.undertow.server.handlers.PredicateHandler.handleRequest(PredicateHandler.java:43)
	at io.undertow.servlet@2.1.0.Final//io.undertow.servlet.handlers.RedirectDirHandler.handleRequest(RedirectDirHandler.java:68)
	at io.undertow.core@2.1.0.Final//io.undertow.server.handlers.PredicateHandler.handleRequest(PredicateHandler.java:43)
	at io.undertow.core@2.1.0.Final//io.undertow.server.handlers.PredicateHandler.handleRequest(PredicateHandler.java:43)
	at io.undertow.servlet@2.1.0.Final//io.undertow.servlet.handlers.ServletInitialHandler.dispatchRequest(ServletInitialHandler.java:251)
	at io.undertow.servlet@2.1.0.Final//io.undertow.servlet.handlers.ServletInitialHandler.dispatchToPath(ServletInitialHandler.java:186)
	at io.undertow.servlet@2.1.0.Final//io.undertow.servlet.spec.RequestDispatcherImpl.forwardImpl(RequestDispatcherImpl.java:227)
	at io.undertow.servlet@2.1.0.Final//io.undertow.servlet.spec.RequestDispatcherImpl.forwardImplSetup(RequestDispatcherImpl.java:149)
	at io.undertow.servlet@2.1.0.Final//io.undertow.servlet.spec.RequestDispatcherImpl.forward(RequestDispatcherImpl.java:111)
	at deployment.projetoPOO.war//controller.ReservaController.service(ReservaController.java:78)
	at io.undertow.servlet@2.1.0.Final//io.undertow.servlet.handlers.ServletHandler.handleRequest(ServletHandler.java:74)
	at io.undertow.servlet@2.1.0.Final//io.undertow.servlet.handlers.security.ServletSecurityRoleHandler.handleRequest(ServletSecurityRoleHandler.java:62)
	at io.undertow.servlet@2.1.0.Final//io.undertow.servlet.handlers.ServletChain$1.handleRequest(ServletChain.java:68)
	at io.undertow.servlet@2.1.0.Final//io.undertow.servlet.handlers.ServletDispatchingHandler.handleRequest(ServletDispatchingHandler.java:36)
	at org.wildfly.extension.undertow@19.1.0.Final//org.wildfly.extension.undertow.security.SecurityContextAssociationHandler.handleRequest(SecurityContextAssociationHandler.java:78)
	at io.undertow.core@2.1.0.Final//io.undertow.server.handlers.PredicateHandler.handleRequest(PredicateHandler.java:43)
	at io.undertow.servlet@2.1.0.Final//io.undertow.servlet.handlers.RedirectDirHandler.handleRequest(RedirectDirHandler.java:68)
	at io.undertow.servlet@2.1.0.Final//io.undertow.servlet.handlers.security.SSLInformationAssociationHandler.handleRequest(SSLInformationAssociationHandler.java:132)
	at io.undertow.servlet@2.1.0.Final//io.undertow.servlet.handlers.security.ServletAuthenticationCallHandler.handleRequest(ServletAuthenticationCallHandler.java:57)
	at io.undertow.core@2.1.0.Final//io.undertow.server.handlers.PredicateHandler.handleRequest(PredicateHandler.java:43)
	at io.undertow.core@2.1.0.Final//io.undertow.security.handlers.AbstractConfidentialityHandler.handleRequest(AbstractConfidentialityHandler.java:46)
	at io.undertow.servlet@2.1.0.Final//io.undertow.servlet.handlers.security.ServletConfidentialityConstraintHandler.handleRequest(ServletConfidentialityConstraintHandler.java:64)
	at io.undertow.core@2.1.0.Final//io.undertow.security.handlers.AuthenticationMechanismsHandler.handleRequest(AuthenticationMechanismsHandler.java:60)
	at io.undertow.servlet@2.1.0.Final//io.undertow.servlet.handlers.security.CachedAuthenticatedSessionHandler.handleRequest(CachedAuthenticatedSessionHandler.java:77)
	at io.undertow.core@2.1.0.Final//io.undertow.security.handlers.NotificationReceiverHandler.handleRequest(NotificationReceiverHandler.java:50)
	at io.undertow.core@2.1.0.Final//io.undertow.security.handlers.AbstractSecurityContextAssociationHandler.handleRequest(AbstractSecurityContextAssociationHandler.java:43)
	at io.undertow.core@2.1.0.Final//io.undertow.server.handlers.PredicateHandler.handleRequest(PredicateHandler.java:43)
	at org.wildfly.extension.undertow@19.1.0.Final//org.wildfly.extension.undertow.security.jacc.JACCContextIdHandler.handleRequest(JACCContextIdHandler.java:61)
	at io.undertow.core@2.1.0.Final//io.undertow.server.handlers.PredicateHandler.handleRequest(PredicateHandler.java:43)
	at org.wildfly.extension.undertow@19.1.0.Final//org.wildfly.extension.undertow.deployment.GlobalRequestControllerHandler.handleRequest(GlobalRequestControllerHandler.java:68)
	at io.undertow.core@2.1.0.Final//io.undertow.server.handlers.PredicateHandler.handleRequest(PredicateHandler.java:43)
	at io.undertow.servlet@2.1.0.Final//io.undertow.servlet.handlers.ServletInitialHandler.handleFirstRequest(ServletInitialHandler.java:269)
	at io.undertow.servlet@2.1.0.Final//io.undertow.servlet.handlers.ServletInitialHandler.access$100(ServletInitialHandler.java:78)
	at io.undertow.servlet@2.1.0.Final//io.undertow.servlet.handlers.ServletInitialHandler$2.call(ServletInitialHandler.java:133)
	at io.undertow.servlet@2.1.0.Final//io.undertow.servlet.handlers.ServletInitialHandler$2.call(ServletInitialHandler.java:130)
	at io.undertow.servlet@2.1.0.Final//io.undertow.servlet.core.ServletRequestContextThreadSetupAction$1.call(ServletRequestContextThreadSetupAction.java:48)
	at io.undertow.servlet@2.1.0.Final//io.undertow.servlet.core.ContextClassLoaderSetupAction$1.call(ContextClassLoaderSetupAction.java:43)
	at org.wildfly.extension.undertow@19.1.0.Final//org.wildfly.extension.undertow.security.SecurityContextThreadSetupAction.lambda$create$0(SecurityContextThreadSetupAction.java:105)
	at org.wildfly.extension.undertow@19.1.0.Final//org.wildfly.extension.undertow.deployment.UndertowDeploymentInfoService$UndertowThreadSetupAction.lambda$create$0(UndertowDeploymentInfoService.java:1541)
	at org.wildfly.extension.undertow@19.1.0.Final//org.wildfly.extension.undertow.deployment.UndertowDeploymentInfoService$UndertowThreadSetupAction.lambda$create$0(UndertowDeploymentInfoService.java:1541)
	at org.wildfly.extension.undertow@19.1.0.Final//org.wildfly.extension.undertow.deployment.UndertowDeploymentInfoService$UndertowThreadSetupAction.lambda$create$0(UndertowDeploymentInfoService.java:1541)
	at org.wildfly.extension.undertow@19.1.0.Final//org.wildfly.extension.undertow.deployment.UndertowDeploymentInfoService$UndertowThreadSetupAction.lambda$create$0(UndertowDeploymentInfoService.java:1541)
	at io.undertow.servlet@2.1.0.Final//io.undertow.servlet.handlers.ServletInitialHandler.dispatchRequest(ServletInitialHandler.java:249)
	at io.undertow.servlet@2.1.0.Final//io.undertow.servlet.handlers.ServletInitialHandler.access$000(ServletInitialHandler.java:78)
	at io.undertow.servlet@2.1.0.Final//io.undertow.servlet.handlers.ServletInitialHandler$1.handleRequest(ServletInitialHandler.java:99)
	at io.undertow.core@2.1.0.Final//io.undertow.server.Connectors.executeRootHandler(Connectors.java:370)
	at io.undertow.core@2.1.0.Final//io.undertow.server.HttpServerExchange$1.run(HttpServerExchange.java:830)
	at org.jboss.threads@2.3.3.Final//org.jboss.threads.ContextClassLoaderSavingRunnable.run(ContextClassLoaderSavingRunnable.java:35)
	at org.jboss.threads@2.3.3.Final//org.jboss.threads.EnhancedQueueExecutor.safeRun(EnhancedQueueExecutor.java:1982)
	at org.jboss.threads@2.3.3.Final//org.jboss.threads.EnhancedQueueExecutor$ThreadBody.doRunTask(EnhancedQueueExecutor.java:1486)
	at org.jboss.threads@2.3.3.Final//org.jboss.threads.EnhancedQueueExecutor$ThreadBody.run(EnhancedQueueExecutor.java:1377)
	at java.base/java.lang.Thread.run(Thread.java:833)
Caused by: javax.servlet.jsp.JspTagException: Don't know how to iterate over supplied "items" in &lt;forEach&gt;
	at javax.servlet.jstl.api@1.2.6-RC1//org.apache.taglibs.standard.tag.common.core.ForEachSupport.toIterator(ForEachSupport.java:90)
	at javax.servlet.jstl.api@1.2.6-RC1//org.apache.taglibs.standard.tag.common.core.ForEachSupport.prepare(ForEachSupport.java:72)
	at javax.servlet.jstl.api@1.2.6-RC1//javax.servlet.jsp.jstl.core.LoopTagSupport.doStartTag(LoopTagSupport.java:241)
	at org.apache.jsp.editarreserva_jsp._jspx_meth_c_005fforEach_005f1(editarreserva_jsp.java:306)
	at org.apache.jsp.editarreserva_jsp._jspx_meth_c_005fif_005f1(editarreserva_jsp.java:275)
	at org.apache.jsp.editarreserva_jsp._jspService(editarreserva_jsp.java:130)
	... 63 more

2023-07-11 08:27:44,552 INFO  [org.jboss.as.connector.deployers.jdbc] (MSC service thread 1-6) WFLYJCA0019: Stopped Driver service with driver-name = projetoPOO.war
2023-07-11 08:27:44,552 INFO  [org.jboss.as.connector.deployers.jdbc] (MSC service thread 1-1) WFLYJCA0019: Stopped Driver service with driver-name = projetoPOO.war_org.postgresql.Driver_42_3
2023-07-11 08:27:44,554 INFO  [org.wildfly.extension.undertow] (ServerService Thread Pool -- 251) WFLYUT0022: Unregistered web context: '/projetoPOO' from server 'default-server'
2023-07-11 08:27:44,595 INFO  [org.jboss.as.server.deployment] (MSC service thread 1-6) WFLYSRV0028: Stopped deployment projetoPOO.war (runtime-name: projetoPOO.war) in 43ms
2023-07-11 08:27:44,614 INFO  [org.jboss.as.server] (management-handler-thread - 1) WFLYSRV0009: Undeployed "projetoPOO.war" (runtime-name: "projetoPOO.war")
2023-07-11 08:27:44,635 ERROR [org.jboss.as.controller.management-operation] (management-handler-thread - 1) org.jboss.as.controller.persistence.ConfigurationPersistenceException: WFLYCTL0268: Failed to rename temp file D:\햞ea de Trabalho\Sistemas para Internet\2023.1\POO\wildfly-19.1.0.Final\standalone\configuration\standalone.xml.tmp to D:\햞ea de Trabalho\Sistemas para Internet\2023.1\POO\wildfly-19.1.0.Final\standalone\configuration\standalone.xml: org.jboss.as.controller.persistence.ConfigurationPersistenceException: WFLYCTL0268: Failed to rename temp file D:\햞ea de Trabalho\Sistemas para Internet\2023.1\POO\wildfly-19.1.0.Final\standalone\configuration\standalone.xml.tmp to D:\햞ea de Trabalho\Sistemas para Internet\2023.1\POO\wildfly-19.1.0.Final\standalone\configuration\standalone.xml
	at org.jboss.as.controller@11.1.1.Final//org.jboss.as.controller.persistence.FilePersistenceUtils.moveTempFileToMain(FilePersistenceUtils.java:112)
	at org.jboss.as.controller@11.1.1.Final//org.jboss.as.controller.persistence.ConfigurationFile.commitTempFile(ConfigurationFile.java:577)
	at org.jboss.as.controller@11.1.1.Final//org.jboss.as.controller.persistence.ConfigurationFilePersistenceResource.doCommit(ConfigurationFilePersistenceResource.java:71)
	at org.jboss.as.controller@11.1.1.Final//org.jboss.as.controller.persistence.AbstractFilePersistenceResource.commit(AbstractFilePersistenceResource.java:63)
	at org.jboss.as.controller@11.1.1.Final//org.jboss.as.controller.ModelControllerImpl$3.commit(ModelControllerImpl.java:754)
	at org.jboss.as.controller@11.1.1.Final//org.jboss.as.controller.AbstractOperationContext.executeDoneStage(AbstractOperationContext.java:855)
	at org.jboss.as.controller@11.1.1.Final//org.jboss.as.controller.AbstractOperationContext.processStages(AbstractOperationContext.java:769)
	at org.jboss.as.controller@11.1.1.Final//org.jboss.as.controller.AbstractOperationContext.executeOperation(AbstractOperationContext.java:467)
	at org.jboss.as.controller@11.1.1.Final//org.jboss.as.controller.OperationContextImpl.executeOperation(OperationContextImpl.java:1413)
	at org.jboss.as.controller@11.1.1.Final//org.jboss.as.controller.ModelControllerImpl.internalExecute(ModelControllerImpl.java:429)
	at org.jboss.as.controller@11.1.1.Final//org.jboss.as.controller.ModelControllerImpl.lambda$execute$1(ModelControllerImpl.java:246)
	at org.wildfly.security.elytron-private@1.11.4.Final//org.wildfly.security.auth.server.SecurityIdentity.runAs(SecurityIdentity.java:289)
	at org.wildfly.security.elytron-private@1.11.4.Final//org.wildfly.security.auth.server.SecurityIdentity.runAs(SecurityIdentity.java:255)
	at org.jboss.as.controller@11.1.1.Final//org.jboss.as.controller.ModelControllerImpl.execute(ModelControllerImpl.java:246)
	at org.jboss.as.controller@11.1.1.Final//org.jboss.as.controller.remote.ModelControllerClientOperationHandler$ExecuteRequestHandler.doExecute(ModelControllerClientOperationHandler.java:240)
	at org.jboss.as.controller@11.1.1.Final//org.jboss.as.controller.remote.ModelControllerClientOperationHandler$ExecuteRequestHandler.access$400(ModelControllerClientOperationHandler.java:138)
	at org.jboss.as.controller@11.1.1.Final//org.jboss.as.controller.remote.ModelControllerClientOperationHandler$ExecuteRequestHandler$1$1.run(ModelControllerClientOperationHandler.java:162)
	at org.jboss.as.controller@11.1.1.Final//org.jboss.as.controller.remote.ModelControllerClientOperationHandler$ExecuteRequestHandler$1$1.run(ModelControllerClientOperationHandler.java:158)
	at org.wildfly.security.elytron-private@1.11.4.Final//org.wildfly.security.auth.server.SecurityIdentity.runAs(SecurityIdentity.java:313)
	at org.wildfly.security.elytron-private@1.11.4.Final//org.wildfly.security.auth.server.SecurityIdentity.runAs(SecurityIdentity.java:270)
	at org.jboss.as.controller@11.1.1.Final//org.jboss.as.controller.AccessAuditContext.doAs(AccessAuditContext.java:254)
	at org.jboss.as.controller@11.1.1.Final//org.jboss.as.controller.AccessAuditContext.doAs(AccessAuditContext.java:225)
	at org.jboss.as.controller@11.1.1.Final//org.jboss.as.controller.remote.ModelControllerClientOperationHandler$ExecuteRequestHandler$1.execute(ModelControllerClientOperationHandler.java:158)
	at org.jboss.as.protocol@11.1.1.Final//org.jboss.as.protocol.mgmt.ManagementRequestContextImpl$1.doExecute(ManagementRequestContextImpl.java:70)
	at org.jboss.as.protocol@11.1.1.Final//org.jboss.as.protocol.mgmt.ManagementRequestContextImpl$AsyncTaskRunner.run(ManagementRequestContextImpl.java:160)
	at org.jboss.threads@2.3.3.Final//org.jboss.threads.ContextClassLoaderSavingRunnable.run(ContextClassLoaderSavingRunnable.java:35)
	at org.jboss.threads@2.3.3.Final//org.jboss.threads.EnhancedQueueExecutor.safeRun(EnhancedQueueExecutor.java:1982)
	at org.jboss.threads@2.3.3.Final//org.jboss.threads.EnhancedQueueExecutor$ThreadBody.doRunTask(EnhancedQueueExecutor.java:1486)
	at org.jboss.threads@2.3.3.Final//org.jboss.threads.EnhancedQueueExecutor$ThreadBody.run(EnhancedQueueExecutor.java:1377)
	at java.base/java.lang.Thread.run(Thread.java:833)
	at org.jboss.threads@2.3.3.Final//org.jboss.threads.JBossThread.run(JBossThread.java:485)
Caused by: java.nio.file.FileSystemException: D:\햞ea de Trabalho\Sistemas para Internet\2023.1\POO\wildfly-19.1.0.Final\standalone\configuration\standalone.xml: O arquivo j est sendo usado por outro processo
	at java.base/sun.nio.fs.WindowsException.translateToIOException(WindowsException.java:92)
	at java.base/sun.nio.fs.WindowsException.rethrowAsIOException(WindowsException.java:103)
	at java.base/sun.nio.fs.WindowsException.rethrowAsIOException(WindowsException.java:108)
	at java.base/sun.nio.fs.WindowsFileCopy.move(WindowsFileCopy.java:392)
	at java.base/sun.nio.fs.WindowsFileSystemProvider.move(WindowsFileSystemProvider.java:293)
	at java.base/java.nio.file.Files.move(Files.java:1432)
	at org.jboss.as.controller@11.1.1.Final//org.jboss.as.controller.persistence.FilePersistenceUtils.moveTempFileToMain(FilePersistenceUtils.java:110)
	... 30 more

2023-07-11 08:27:44,666 INFO  [org.jboss.as.server] (management-handler-thread - 1) WFLYSRV0272: Suspending server
2023-07-11 08:27:44,668 INFO  [org.jboss.as.ejb3] (management-handler-thread - 1) WFLYEJB0493: EJB subsystem suspension complete
2023-07-11 08:27:44,669 INFO  [org.jboss.as.server] (Management Triggered Shutdown) WFLYSRV0241: Shutting down in response to management operation 'shutdown'
2023-07-11 08:27:44,678 INFO  [org.jboss.as.mail.extension] (MSC service thread 1-3) WFLYMAIL0002: Unbound mail session [java:jboss/mail/Default]
2023-07-11 08:27:44,678 INFO  [org.wildfly.extension.undertow] (MSC service thread 1-5) WFLYUT0019: Host default-host stopping
2023-07-11 08:27:44,678 INFO  [org.jboss.as.connector.subsystems.datasources] (MSC service thread 1-6) WFLYJCA0010: Unbound data source [java:jboss/datasources/ExampleDS]
2023-07-11 08:27:44,679 INFO  [org.wildfly.extension.undertow] (MSC service thread 1-3) WFLYUT0008: Undertow HTTPS listener https suspending
2023-07-11 08:27:44,679 INFO  [org.wildfly.extension.undertow] (MSC service thread 1-3) WFLYUT0007: Undertow HTTPS listener https stopped, was bound to 127.0.0.1:8443
2023-07-11 08:27:44,691 INFO  [org.jboss.as.connector.deployers.jdbc] (MSC service thread 1-3) WFLYJCA0019: Stopped Driver service with driver-name = h2
2023-07-11 08:27:44,696 INFO  [org.wildfly.extension.undertow] (MSC service thread 1-3) WFLYUT0008: Undertow HTTP listener default suspending
2023-07-11 08:27:44,697 INFO  [org.wildfly.extension.undertow] (MSC service thread 1-3) WFLYUT0007: Undertow HTTP listener default stopped, was bound to 127.0.0.1:8080
2023-07-11 08:27:44,699 INFO  [org.jboss.as.clustering.infinispan] (ServerService Thread Pool -- 269) WFLYCLINF0003: Stopped client-mappings cache from ejb container
2023-07-11 08:27:44,700 INFO  [org.wildfly.extension.undertow] (MSC service thread 1-8) WFLYUT0004: Undertow 2.1.0.Final stopping
2023-07-11 08:27:44,709 INFO  [org.jboss.as] (MSC service thread 1-8) WFLYSRV0050: WildFly Full 19.1.0.Final (WildFly Core 11.1.1.Final) stopped in 36ms
2023-07-11 14:20:31,274 INFO  [org.jboss.modules] (main) JBoss Modules version 1.10.0.Final
2023-07-11 14:20:33,349 INFO  [org.jboss.msc] (main) JBoss MSC version 1.4.11.Final
2023-07-11 14:20:33,361 INFO  [org.jboss.threads] (main) JBoss Threads version 2.3.3.Final
2023-07-11 14:20:33,483 INFO  [org.jboss.as] (MSC service thread 1-2) WFLYSRV0049: WildFly Full 19.1.0.Final (WildFly Core 11.1.1.Final) starting
2023-07-11 14:20:33,485 DEBUG [org.jboss.as.config] (MSC service thread 1-2) Configured system properties:
	file.encoding = Cp1252
	file.separator = \
	java.class.path = D:\햞ea de Trabalho\Sistemas para Internet\2023.1\POO\wildfly-19.1.0.Final\jboss-modules.jar
	java.class.version = 61.0
	java.home = C:\Users\samue\.jdks\corretto-17.0.4.1
	java.io.tmpdir = C:\Users\samue\AppData\Local\Temp\
	java.library.path = C:\Users\samue\.jdks\corretto-17.0.4.1\bin;C:\WINDOWS\Sun\Java\bin;C:\WINDOWS\system32;C:\WINDOWS;C:\Python311\Scripts\;C:\Python311\;C:\Program Files (x86)\Common Files\Oracle\Java\javapath;C:\Windows\system32;C:\Windows;C:\Windows\System32\Wbem;C:\Windows\System32\WindowsPowerShell\v1.0\;C:\Windows\System32\OpenSSH\;C:\Program Files (x86)\NVIDIA Corporation\PhysX\Common;C:\Program Files\NVIDIA Corporation\NVIDIA NvDLISR;C:\Program Files\dotnet\;C:\WINDOWS\system32;C:\WINDOWS;C:\WINDOWS\System32\Wbem;C:\WINDOWS\System32\WindowsPowerShell\v1.0\;C:\WINDOWS\System32\OpenSSH\;C:\ProgramData\chocolatey\bin;C:\Program Files\nodejs\;C:\Program Files\Git\cmd;C:\Program Files\Docker\Docker\resources\bin;C:\Users\samue\AppData\Local\Microsoft\WindowsApps;S:\Microsoft VS Code\bin;C:\msys64\mingw64\bin;C:\Users\samue\AppData\Local\GitHubDesktop\bin;C:\Users\samue\AppData\Roaming\npm;.
	java.net.preferIPv4Stack = true
	java.runtime.name = OpenJDK Runtime Environment
	java.runtime.version = 17.0.4.1+9-LTS
	java.specification.name = Java Platform API Specification
	java.specification.vendor = Oracle Corporation
	java.specification.version = 17
	java.util.logging.manager = org.jboss.logmanager.LogManager
	java.vendor = Amazon.com Inc.
	java.vendor.url = https://aws.amazon.com/corretto/
	java.vendor.url.bug = https://github.com/corretto/corretto-17/issues/
	java.vendor.version = Corretto-17.0.4.9.1
	java.version = 17.0.4.1
	java.version.date = 2022-08-12
	java.vm.compressedOopsMode = 32-bit
	java.vm.info = mixed mode, sharing
	java.vm.name = OpenJDK 64-Bit Server VM
	java.vm.specification.name = Java Virtual Machine Specification
	java.vm.specification.vendor = Oracle Corporation
	java.vm.specification.version = 17
	java.vm.vendor = Amazon.com Inc.
	java.vm.version = 17.0.4.1+9-LTS
	javax.management.builder.initial = org.jboss.as.jmx.PluggableMBeanServerBuilder
	jboss.home.dir = D:\햞ea de Trabalho\Sistemas para Internet\2023.1\POO\wildfly-19.1.0.Final
	jboss.host.name = desktop-lgh6ft4
	jboss.modules.dir = D:\햞ea de Trabalho\Sistemas para Internet\2023.1\POO\wildfly-19.1.0.Final\modules
	jboss.modules.system.pkgs = org.jboss.byteman
	jboss.node.name = desktop-lgh6ft4
	jboss.qualified.host.name = desktop-lgh6ft4
	jboss.server.base.dir = D:\햞ea de Trabalho\Sistemas para Internet\2023.1\POO\wildfly-19.1.0.Final\standalone
	jboss.server.config.dir = D:\햞ea de Trabalho\Sistemas para Internet\2023.1\POO\wildfly-19.1.0.Final\standalone\configuration
	jboss.server.data.dir = D:\햞ea de Trabalho\Sistemas para Internet\2023.1\POO\wildfly-19.1.0.Final\standalone\data
	jboss.server.deploy.dir = D:\햞ea de Trabalho\Sistemas para Internet\2023.1\POO\wildfly-19.1.0.Final\standalone\data\content
	jboss.server.log.dir = D:\햞ea de Trabalho\Sistemas para Internet\2023.1\POO\wildfly-19.1.0.Final\standalone\log
	jboss.server.name = desktop-lgh6ft4
	jboss.server.persist.config = true
	jboss.server.temp.dir = D:\햞ea de Trabalho\Sistemas para Internet\2023.1\POO\wildfly-19.1.0.Final\standalone\tmp
	jdk.debug = release
	line.separator = 

	logging.configuration = file:D:\햞ea de Trabalho\Sistemas para Internet\2023.1\POO\wildfly-19.1.0.Final\standalone\configuration/logging.properties
	module.path = D:\햞ea de Trabalho\Sistemas para Internet\2023.1\POO\wildfly-19.1.0.Final\modules
	native.encoding = Cp1252
	org.jboss.boot.log.file = D:\햞ea de Trabalho\Sistemas para Internet\2023.1\POO\wildfly-19.1.0.Final\standalone\log\server.log
	org.jboss.resolver.warning = true
	os.arch = amd64
	os.name = Windows 11
	os.version = 10.0
	path.separator = ;
	program.name = standalone.bat
	sun.arch.data.model = 64
	sun.boot.library.path = C:\Users\samue\.jdks\corretto-17.0.4.1\bin
	sun.cpu.endian = little
	sun.cpu.isalist = amd64
	sun.io.unicode.encoding = UnicodeLittle
	sun.java.command = D:\햞ea de Trabalho\Sistemas para Internet\2023.1\POO\wildfly-19.1.0.Final\jboss-modules.jar -mp D:\햞ea de Trabalho\Sistemas para Internet\2023.1\POO\wildfly-19.1.0.Final\modules org.jboss.as.standalone -Djboss.home.dir=D:\햞ea de Trabalho\Sistemas para Internet\2023.1\POO\wildfly-19.1.0.Final
	sun.java.launcher = SUN_STANDARD
	sun.jnu.encoding = Cp1252
	sun.management.compiler = HotSpot 64-Bit Tiered Compilers
	sun.os.patch.level = 
	user.country = BR
	user.dir = D:\햞ea de Trabalho\Sistemas para Internet\2023.1\POO\wildfly-19.1.0.Final\bin
	user.home = C:\Users\samue
	user.language = pt
	user.name = samue
	user.script = 
	user.timezone = America/Sao_Paulo
	user.variant = 
2023-07-11 14:20:33,487 DEBUG [org.jboss.as.config] (MSC service thread 1-2) VM Arguments: -Dprogram.name=standalone.bat -Xms64M -Xmx512M -XX:MetaspaceSize=96M -XX:MaxMetaspaceSize=256m -Djava.net.preferIPv4Stack=true -Djboss.modules.system.pkgs=org.jboss.byteman --add-exports=java.base/sun.nio.ch=ALL-UNNAMED --add-exports=jdk.unsupported/sun.misc=ALL-UNNAMED --add-exports=jdk.unsupported/sun.reflect=ALL-UNNAMED -Dorg.jboss.boot.log.file=D:\햞ea de Trabalho\Sistemas para Internet\2023.1\POO\wildfly-19.1.0.Final\standalone\log\server.log -Dlogging.configuration=file:D:\햞ea de Trabalho\Sistemas para Internet\2023.1\POO\wildfly-19.1.0.Final\standalone\configuration/logging.properties 
2023-07-11 14:20:34,522 INFO  [org.wildfly.security] (ServerService Thread Pool -- 28) ELY00001: WildFly Elytron version 1.11.4.Final
2023-07-11 14:20:38,349 INFO  [org.jboss.as.controller.management-deprecated] (Controller Boot Thread) WFLYCTL0028: Attribute 'security-realm' in the resource at address '/core-service=management/management-interface=http-interface' is deprecated, and may be removed in a future version. See the attribute description in the output of the read-resource-description operation to learn more about the deprecation.
2023-07-11 14:20:38,364 INFO  [org.jboss.as.controller.management-deprecated] (ServerService Thread Pool -- 5) WFLYCTL0028: Attribute 'security-realm' in the resource at address '/subsystem=undertow/server=default-server/https-listener=https' is deprecated, and may be removed in a future version. See the attribute description in the output of the read-resource-description operation to learn more about the deprecation.
2023-07-11 14:20:38,426 INFO  [org.jboss.as.server] (Controller Boot Thread) WFLYSRV0039: Creating http management service using socket-binding (management-http)
2023-07-11 14:20:38,460 INFO  [org.xnio] (MSC service thread 1-5) XNIO version 3.7.7.Final
2023-07-11 14:20:38,467 INFO  [org.xnio.nio] (MSC service thread 1-5) XNIO NIO Implementation Version 3.7.7.Final
2023-07-11 14:20:38,522 WARN  [org.jboss.as.txn] (ServerService Thread Pool -- 74) WFLYTX0013: The node-identifier attribute on the /subsystem=transactions is set to the default value. This is a danger for environments running multiple servers. Please make sure the attribute value is unique.
2023-07-11 14:20:38,539 INFO  [org.wildfly.extension.microprofile.jwt.smallrye._private] (ServerService Thread Pool -- 63) WFLYJWT0001: Activating WildFly MicroProfile JWT Subsystem
2023-07-11 14:20:38,541 INFO  [org.wildfly.extension.microprofile.config.smallrye._private] (ServerService Thread Pool -- 61) WFLYCONF0001: Activating WildFly MicroProfile Config Subsystem
2023-07-11 14:20:38,558 INFO  [org.jboss.as.clustering.infinispan] (ServerService Thread Pool -- 52) WFLYCLINF0001: Activating Infinispan subsystem.
2023-07-11 14:20:38,573 INFO  [org.wildfly.extension.microprofile.metrics.smallrye] (ServerService Thread Pool -- 64) WFLYMETRICS0001: Activating Eclipse MicroProfile Metrics Subsystem
2023-07-11 14:20:38,576 INFO  [org.wildfly.extension.microprofile.health.smallrye] (ServerService Thread Pool -- 62) WFLYHEALTH0001: Activating Eclipse MicroProfile Health Subsystem
2023-07-11 14:20:38,579 INFO  [org.wildfly.extension.microprofile.opentracing] (ServerService Thread Pool -- 65) WFLYTRACEXT0001: Activating MicroProfile OpenTracing Subsystem
2023-07-11 14:20:38,584 INFO  [org.jboss.as.jsf] (ServerService Thread Pool -- 59) WFLYJSF0007: Activated the following JSF Implementations: [main]
2023-07-11 14:20:38,614 INFO  [org.jboss.as.naming] (ServerService Thread Pool -- 66) WFLYNAM0001: Activating Naming Subsystem
2023-07-11 14:20:38,648 INFO  [org.jboss.as.webservices] (ServerService Thread Pool -- 76) WFLYWS0002: Activating WebServices Extension
2023-07-11 14:20:38,691 INFO  [org.jboss.as.security] (ServerService Thread Pool -- 72) WFLYSEC0002: Activating Security Subsystem
2023-07-11 14:20:38,694 INFO  [org.wildfly.extension.undertow] (MSC service thread 1-8) WFLYUT0003: Undertow 2.1.0.Final starting
2023-07-11 14:20:38,719 INFO  [org.jboss.as.security] (MSC service thread 1-8) WFLYSEC0001: Current PicketBox version=5.0.3.Final
2023-07-11 14:20:38,831 INFO  [org.jboss.as.connector.subsystems.datasources] (ServerService Thread Pool -- 44) WFLYJCA0004: Deploying JDBC-compliant driver class org.h2.Driver (version 1.4)
2023-07-11 14:20:38,895 INFO  [org.jboss.as.connector] (MSC service thread 1-8) WFLYJCA0009: Starting JCA Subsystem (WildFly/IronJacamar 1.4.20.Final)
2023-07-11 14:20:38,917 INFO  [org.jboss.as.connector.deployers.jdbc] (MSC service thread 1-7) WFLYJCA0018: Started Driver service with driver-name = h2
2023-07-11 14:20:38,917 INFO  [org.jboss.as.naming] (MSC service thread 1-4) WFLYNAM0003: Starting Naming Service
2023-07-11 14:20:38,919 INFO  [org.jboss.as.mail.extension] (MSC service thread 1-1) WFLYMAIL0001: Bound mail session [java:jboss/mail/Default]
2023-07-11 14:20:38,972 INFO  [org.wildfly.extension.undertow] (ServerService Thread Pool -- 75) WFLYUT0014: Creating file handler for path 'D:\햞ea de Trabalho\Sistemas para Internet\2023.1\POO\wildfly-19.1.0.Final/welcome-content' with options [directory-listing: 'false', follow-symlink: 'false', case-sensitive: 'true', safe-symlink-paths: '[]']
2023-07-11 14:20:38,974 INFO  [org.jboss.as.jaxrs] (ServerService Thread Pool -- 54) WFLYRS0016: RESTEasy version 3.11.2.Final
2023-07-11 14:20:39,022 INFO  [org.wildfly.extension.io] (ServerService Thread Pool -- 53) WFLYIO001: Worker 'default' has auto-configured to 16 IO threads with 128 max task threads based on your 8 available processors
2023-07-11 14:20:39,161 INFO  [org.jboss.as.ejb3] (MSC service thread 1-6) WFLYEJB0482: Strict pool mdb-strict-max-pool is using a max instance size of 32 (per class), which is derived from the number of CPUs on this host.
2023-07-11 14:20:39,161 INFO  [org.jboss.as.ejb3] (MSC service thread 1-1) WFLYEJB0481: Strict pool slsb-strict-max-pool is using a max instance size of 128 (per class), which is derived from thread worker pool sizing.
2023-07-11 14:20:39,184 INFO  [org.jboss.remoting] (MSC service thread 1-2) JBoss Remoting version 5.0.17.Final
2023-07-11 14:20:39,242 INFO  [org.wildfly.extension.undertow] (MSC service thread 1-6) WFLYUT0012: Started server default-server.
2023-07-11 14:20:39,247 INFO  [org.wildfly.extension.undertow] (MSC service thread 1-7) WFLYUT0018: Host default-host starting
2023-07-11 14:20:39,326 INFO  [org.wildfly.extension.undertow] (MSC service thread 1-6) WFLYUT0006: Undertow HTTP listener default listening on 127.0.0.1:8080
2023-07-11 14:20:39,428 INFO  [org.jboss.as.ejb3] (MSC service thread 1-4) WFLYEJB0493: EJB subsystem suspension complete
2023-07-11 14:20:39,498 INFO  [org.jboss.as.connector.subsystems.datasources] (MSC service thread 1-3) WFLYJCA0001: Bound data source [java:jboss/datasources/ExampleDS]
2023-07-11 14:20:42,017 INFO  [org.jboss.as.patching] (MSC service thread 1-7) WFLYPAT0050: WildFly Full cumulative patch ID is: base, one-off patches include: none
2023-07-11 14:20:42,034 WARN  [org.jboss.as.domain.management.security] (MSC service thread 1-7) WFLYDM0111: Keystore D:\햞ea de Trabalho\Sistemas para Internet\2023.1\POO\wildfly-19.1.0.Final\standalone\configuration\application.keystore not found, it will be auto generated on first use with a self signed certificate for host localhost
2023-07-11 14:20:42,038 INFO  [org.jboss.as.server.deployment.scanner] (MSC service thread 1-5) WFLYDS0013: Started FileSystemDeploymentService for directory D:\햞ea de Trabalho\Sistemas para Internet\2023.1\POO\wildfly-19.1.0.Final\standalone\deployments
2023-07-11 14:20:42,120 INFO  [org.wildfly.extension.undertow] (MSC service thread 1-1) WFLYUT0006: Undertow HTTPS listener https listening on 127.0.0.1:8443
2023-07-11 14:20:42,838 INFO  [org.jboss.ws.common.management] (MSC service thread 1-1) JBWS022052: Starting JBossWS 5.4.1.Final (Apache CXF 3.3.6) 
